#
# A fatal error has been detected by the Java Runtime Environment:
#
#  EXCEPTION_ACCESS_VIOLATION (0xc0000005) at pc=0x00007ffe32bf62d7, pid=12412, tid=10212
#
# JRE version: Java(TM) SE Runtime Environment 18.9 (11.0.13+10) (build 11.0.13+10-LTS-370)
# Java VM: Java HotSpot(TM) 64-Bit Server VM 18.9 (11.0.13+10-LTS-370, mixed mode, tiered, compressed oops, g1 gc, windows-amd64)
# Problematic frame:
# C  [glass.dll+0x262d7]
#
# No core dump will be written. Minidumps are not enabled by default on client versions of Windows
#
# If you would like to submit a bug report, please visit:
#   https://bugreport.java.com/bugreport/crash.jsp
#

---------------  S U M M A R Y ------------

Command Line: -Dfile.encoding=UTF-8 --add-modules=javafx.controls,javafx.fxml --module-path=C:\Program Files\Java\javafx-sdk-18.0.1\lib\javafx-swt.jar;C:\Program Files\Java\javafx-sdk-18.0.1\lib\javafx.base.jar;C:\Program Files\Java\javafx-sdk-18.0.1\lib\javafx.controls.jar;C:\Program Files\Java\javafx-sdk-18.0.1\lib\javafx.fxml.jar;C:\Program Files\Java\javafx-sdk-18.0.1\lib\javafx.graphics.jar;C:\Program Files\Java\javafx-sdk-18.0.1\lib\javafx.media.jar;C:\Program Files\Java\javafx-sdk-18.0.1\lib\javafx.swing.jar;C:\Program Files\Java\javafx-sdk-18.0.1\lib\javafx.web.jar utils.PoiUPVApp

Host: Intel(R) Core(TM) i7-9750H CPU @ 2.60GHz, 12 cores, 15G,  Windows 10 , 64 bit Build 18362 (10.0.18362.329)
Time: Sat May 21 22:05:52 2022 Hora de verano romance elapsed time: 8.065322 seconds (0d 0h 0m 8s)

---------------  T H R E A D  ---------------

Current thread (0x00000196c77fe000):  VMThread "VM Thread" [stack: 0x0000001397400000,0x0000001397500000] [id=10212]

Stack: [0x0000001397400000,0x0000001397500000],  sp=0x00000013974ff2a0,  free space=1020k
Native frames: (J=compiled Java code, j=interpreted, Vv=VM code, C=native code)
C  [glass.dll+0x262d7]


siginfo: EXCEPTION_ACCESS_VIOLATION (0xc0000005), reading address 0x0000000000000000


Register to memory mapping:

RIP=0x00007ffe32bf62d7 glass.dll
RAX=0x0 is NULL
RBX=0x00000196c80bc190 is a global jni handle
RCX=0x00000196c77fe000 points into unknown readable memory: 0x00007ffde8613598 | 98 35 61 e8 fd 7f 00 00
RDX=0x00000013974ff2a0 points into unknown readable memory: 0x0000000000000000 | 00 00 00 00 00 00 00 00
RSP=0x00000013974ff2a0 points into unknown readable memory: 0x0000000000000000 | 00 00 00 00 00 00 00 00
RBP=0x00000196c8a4a668 points into unknown readable memory: 0x00007f9fb6c4145d | 5d 14 c4 b6 9f 7f 00 00
RSI=0x00000196c8a4a640 points into unknown readable memory: 0xc657994436c41ba2 | a2 1b c4 36 44 99 57 c6
RDI=0x00007f9fb6c4145d is an unknown value
R8 =0x0000000000010002 is an unknown value
R9 =0x00007f9fb6c4145d is an unknown value
R10=0x0000000000008000 is an unknown value
R11=0x00000013974ff230 points into unknown readable memory: 0x00000196c8a4a640 | 40 a6 a4 c8 96 01 00 00
R12=0x00007ffe32bf3bc4 glass.dll
R13=0x00000196c77f9748 points into unknown readable memory: 0x00000196c77fe000 | 00 e0 7f c7 96 01 00 00
R14=0x00000013974ff398 points into unknown readable memory: 0x00000013974ff380 | 80 f3 4f 97 13 00 00 00
R15=0x00000196c8a4a640 points into unknown readable memory: 0xc657994436c41ba2 | a2 1b c4 36 44 99 57 c6


Registers:
RAX=0x0000000000000000, RBX=0x00000196c80bc190, RCX=0x00000196c77fe000, RDX=0x00000013974ff2a0
RSP=0x00000013974ff2a0, RBP=0x00000196c8a4a668, RSI=0x00000196c8a4a640, RDI=0x00007f9fb6c4145d
R8 =0x0000000000010002, R9 =0x00007f9fb6c4145d, R10=0x0000000000008000, R11=0x00000013974ff230
R12=0x00007ffe32bf3bc4, R13=0x00000196c77f9748, R14=0x00000013974ff398, R15=0x00000196c8a4a640
RIP=0x00007ffe32bf62d7, EFLAGS=0x0000000000010202

Top of Stack: (sp=0x00000013974ff2a0)
0x00000013974ff2a0:   0000000000000000 00000196c8a4a640
0x00000013974ff2b0:   00000196c8a4a640 00007ffe32c071a0
0x00000013974ff2c0:   00000196c8a4a648 00007ffe43019d06
0x00000013974ff2d0:   00007f9fb6c4145d 0000019600000000
0x00000013974ff2e0:   0000000000000000 00007ffe43019f46
0x00000013974ff2f0:   fffffffffffffffe 0000000000000000
0x00000013974ff300:   0000000000000001 00007ffe32bd0000
0x00000013974ff310:   00000013974ff388 00007ffe43019c2b
0x00000013974ff320:   0000000000000000 00000013974ff398
0x00000013974ff330:   00000013974ff660 00007ffe430ebc20
0x00000013974ff340:   0000000000000001 00007ffe43019be4
0x00000013974ff350:   0000000000000000 0000000000000001
0x00000013974ff360:   0000000000000001 00000013974ff388
0x00000013974ff370:   0000000000000000 00007ffe32bf3a51
0x00000013974ff380:   00007ffe32c09f88 0000000000000002
0x00000013974ff390:   0000000000000002 00000013974ff380 

Instructions: (pc=0x00007ffe32bf62d7)
0x00007ffe32bf62b7:   cc cc cc cc cc cc cc cc cc 40 53 48 83 ec 20 48
0x00007ffe32bf62c7:   8b 1d bb 36 01 00 48 85 db 74 16 e8 59 8b ff ff
0x00007ffe32bf62d7:   4c 8b 00 48 8b d3 48 8b c8 41 ff 90 b0 00 00 00
0x00007ffe32bf62e7:   90 48 83 c4 20 5b c3 cc cc 40 53 48 83 ec 20 48 


Stack slot to memory mapping:
stack at sp + 0 slots: 0x0 is NULL
stack at sp + 1 slots: 0x00000196c8a4a640 points into unknown readable memory: 0xc657994436c41ba2 | a2 1b c4 36 44 99 57 c6
stack at sp + 2 slots: 0x00000196c8a4a640 points into unknown readable memory: 0xc657994436c41ba2 | a2 1b c4 36 44 99 57 c6
stack at sp + 3 slots: 0x00007ffe32c071a0 glass.dll
stack at sp + 4 slots: 0x00000196c8a4a648 points into unknown readable memory: 0x00007f9fb6c4145d | 5d 14 c4 b6 9f 7f 00 00
stack at sp + 5 slots: 0x00007ffe43019d06 ucrtbase.dll
stack at sp + 6 slots: 0x00007f9fb6c4145d is an unknown value
stack at sp + 7 slots: 0x0000019600000000 is an unknown value

VM_Operation (0x00000013983f6b80): Exit, mode: safepoint, requested by thread 0x00000196c8c34800


---------------  P R O C E S S  ---------------

Threads class SMR info:
_java_thread_list=0x00000196c99ef8e0, length=17, elements={
0x00000196a28ef000, 0x00000196c7801000, 0x00000196c80ba000, 0x00000196c8103800,
0x00000196c8104800, 0x00000196c8105800, 0x00000196c810a800, 0x00000196c8110000,
0x00000196c8112800, 0x00000196c8090800, 0x00000196c86e9800, 0x00000196c8d60800,
0x00000196c8c34800, 0x00000196c9222800, 0x00000196c9119800, 0x00000196c9467000,
0x00000196d19b1000
}

Java Threads: ( => current thread )
  0x00000196a28ef000 JavaThread "main" [_thread_blocked, id=17700, stack(0x0000001396e00000,0x0000001396f00000)]
  0x00000196c7801000 JavaThread "Reference Handler" daemon [_thread_blocked, id=20432, stack(0x0000001397500000,0x0000001397600000)]
  0x00000196c80ba000 JavaThread "Finalizer" daemon [_thread_blocked, id=11324, stack(0x0000001397600000,0x0000001397700000)]
  0x00000196c8103800 JavaThread "Signal Dispatcher" daemon [_thread_blocked, id=15356, stack(0x0000001397700000,0x0000001397800000)]
  0x00000196c8104800 JavaThread "Attach Listener" daemon [_thread_blocked, id=11068, stack(0x0000001397800000,0x0000001397900000)]
  0x00000196c8105800 JavaThread "Service Thread" daemon [_thread_blocked, id=15120, stack(0x0000001397900000,0x0000001397a00000)]
  0x00000196c810a800 JavaThread "C2 CompilerThread0" daemon [_thread_blocked, id=8400, stack(0x0000001397a00000,0x0000001397b00000)]
  0x00000196c8110000 JavaThread "C1 CompilerThread0" daemon [_thread_blocked, id=14216, stack(0x0000001397b00000,0x0000001397c00000)]
  0x00000196c8112800 JavaThread "Sweeper thread" daemon [_thread_blocked, id=3716, stack(0x0000001397c00000,0x0000001397d00000)]
  0x00000196c8090800 JavaThread "Common-Cleaner" daemon [_thread_blocked, id=17564, stack(0x0000001397d00000,0x0000001397e00000)]
  0x00000196c86e9800 JavaThread "QuantumRenderer-0" daemon [_thread_blocked, id=17832, stack(0x0000001398100000,0x0000001398200000)]
  0x00000196c8d60800 JavaThread "InvokeLaterDispatcher" daemon [_thread_blocked, id=15524, stack(0x0000001398200000,0x0000001398300000)]
  0x00000196c8c34800 JavaThread "JavaFX Application Thread" [_thread_blocked, id=19100, stack(0x0000001398300000,0x0000001398400000)]
  0x00000196c9222800 JavaThread "JavaFX-Launcher" [_thread_blocked, id=17772, stack(0x0000001398800000,0x0000001398900000)]
  0x00000196c9119800 JavaThread "Thread-2" daemon [_thread_in_native, id=16708, stack(0x0000001398700000,0x0000001398800000)]
  0x00000196c9467000 JavaThread "Prism Font Disposer" daemon [_thread_blocked, id=9984, stack(0x0000001399200000,0x0000001399300000)]
  0x00000196d19b1000 JavaThread "Cleaner-0" daemon [_thread_blocked, id=7992, stack(0x0000001399400000,0x0000001399500000)]

Other Threads:
=>0x00000196c77fe000 VMThread "VM Thread" [stack: 0x0000001397400000,0x0000001397500000] [id=10212]
  0x00000196a2903000 GCTaskThread "GC Thread#0" [stack: 0x0000001396f00000,0x0000001397000000] [id=8564]
  0x00000196c8c5e000 GCTaskThread "GC Thread#1" [stack: 0x0000001398900000,0x0000001398a00000] [id=5948]
  0x00000196c92bd800 GCTaskThread "GC Thread#2" [stack: 0x0000001398a00000,0x0000001398b00000] [id=14624]
  0x00000196c8b6f000 GCTaskThread "GC Thread#3" [stack: 0x0000001398b00000,0x0000001398c00000] [id=12820]
  0x00000196c8b6f800 GCTaskThread "GC Thread#4" [stack: 0x0000001398c00000,0x0000001398d00000] [id=5988]
  0x00000196c8c57000 GCTaskThread "GC Thread#5" [stack: 0x0000001398d00000,0x0000001398e00000] [id=13016]
  0x00000196d1737800 GCTaskThread "GC Thread#6" [stack: 0x0000001397e00000,0x0000001397f00000] [id=20180]
  0x00000196a2960000 ConcurrentGCThread "G1 Main Marker" [stack: 0x0000001397000000,0x0000001397100000] [id=15308]
  0x00000196a2962800 ConcurrentGCThread "G1 Conc#0" [stack: 0x0000001397100000,0x0000001397200000] [id=2684]
  0x00000196c92ec000 ConcurrentGCThread "G1 Conc#1" [stack: 0x0000001398e00000,0x0000001398f00000] [id=20044]
  0x00000196c95d2800 ConcurrentGCThread "G1 Conc#2" [stack: 0x0000001398f00000,0x0000001399000000] [id=16276]
  0x00000196c76de800 ConcurrentGCThread "G1 Refine#0" [stack: 0x0000001397200000,0x0000001397300000] [id=5180]
  0x00000196c76e0800 ConcurrentGCThread "G1 Young RemSet Sampling" [stack: 0x0000001397300000,0x0000001397400000] [id=12552]

Threads with active compile tasks:

VM state:at safepoint (shutting down)

VM Mutex/Monitor currently owned by a thread:  ([mutex/lock_event])
[0x00000196a28ea1b0] Threads_lock - owner thread: 0x00000196c77fe000

Heap address: 0x0000000702400000, size: 4060 MB, Compressed Oops mode: Zero based, Oop shift amount: 3
Narrow klass base: 0x0000000800000000, Narrow klass shift: 0
Compressed class space size: 1073741824 Address: 0x0000000800000000

Heap:
 garbage-first heap   total 312320K, used 171849K [0x0000000702400000, 0x0000000800000000)
  region size 1024K, 11 young (11264K), 4 survivors (4096K)
 Metaspace       used 25663K, capacity 26640K, committed 26880K, reserved 1073152K
  class space    used 3378K, capacity 3810K, committed 3840K, reserved 1048576K
Heap Regions: E=young(eden), S=young(survivor), O=old, HS=humongous(starts), HC=humongous(continues), CS=collection set, F=free, A=archive, TAMS=top-at-mark-start (previous, next)
|   0|0x0000000702400000, 0x0000000702500000, 0x0000000702500000|100%| O|  |TAMS 0x0000000702500000, 0x0000000702400000| Untracked 
|   1|0x0000000702500000, 0x0000000702600000, 0x0000000702600000|100%|HS|  |TAMS 0x0000000702600000, 0x0000000702500000| Complete 
|   2|0x0000000702600000, 0x0000000702700000, 0x0000000702700000|100%|HC|  |TAMS 0x0000000702700000, 0x0000000702600000| Complete 
|   3|0x0000000702700000, 0x0000000702800000, 0x0000000702800000|100%|HC|  |TAMS 0x0000000702800000, 0x0000000702700000| Complete 
|   4|0x0000000702800000, 0x0000000702900000, 0x0000000702900000|100%|HC|  |TAMS 0x0000000702900000, 0x0000000702800000| Complete 
|   5|0x0000000702900000, 0x0000000702a00000, 0x0000000702a00000|100%|HC|  |TAMS 0x0000000702a00000, 0x0000000702900000| Complete 
|   6|0x0000000702a00000, 0x0000000702b00000, 0x0000000702b00000|100%|HC|  |TAMS 0x0000000702b00000, 0x0000000702a00000| Complete 
|   7|0x0000000702b00000, 0x0000000702c00000, 0x0000000702c00000|100%|HC|  |TAMS 0x0000000702c00000, 0x0000000702b00000| Complete 
|   8|0x0000000702c00000, 0x0000000702d00000, 0x0000000702d00000|100%|HC|  |TAMS 0x0000000702d00000, 0x0000000702c00000| Complete 
|   9|0x0000000702d00000, 0x0000000702e00000, 0x0000000702e00000|100%|HC|  |TAMS 0x0000000702e00000, 0x0000000702d00000| Complete 
|  10|0x0000000702e00000, 0x0000000702f00000, 0x0000000702f00000|100%|HC|  |TAMS 0x0000000702f00000, 0x0000000702e00000| Complete 
|  11|0x0000000702f00000, 0x0000000703000000, 0x0000000703000000|100%|HC|  |TAMS 0x0000000703000000, 0x0000000702f00000| Complete 
|  12|0x0000000703000000, 0x0000000703100000, 0x0000000703100000|100%|HC|  |TAMS 0x0000000703100000, 0x0000000703000000| Complete 
|  13|0x0000000703100000, 0x0000000703200000, 0x0000000703200000|100%|HC|  |TAMS 0x0000000703200000, 0x0000000703100000| Complete 
|  14|0x0000000703200000, 0x0000000703300000, 0x0000000703300000|100%|HC|  |TAMS 0x0000000703300000, 0x0000000703200000| Complete 
|  15|0x0000000703300000, 0x0000000703400000, 0x0000000703400000|100%|HC|  |TAMS 0x0000000703400000, 0x0000000703300000| Complete 
|  16|0x0000000703400000, 0x0000000703500000, 0x0000000703500000|100%|HC|  |TAMS 0x0000000703500000, 0x0000000703400000| Complete 
|  17|0x0000000703500000, 0x0000000703600000, 0x0000000703600000|100%|HC|  |TAMS 0x0000000703600000, 0x0000000703500000| Complete 
|  18|0x0000000703600000, 0x0000000703700000, 0x0000000703700000|100%|HC|  |TAMS 0x0000000703700000, 0x0000000703600000| Complete 
|  19|0x0000000703700000, 0x0000000703800000, 0x0000000703800000|100%|HC|  |TAMS 0x0000000703800000, 0x0000000703700000| Complete 
|  20|0x0000000703800000, 0x0000000703900000, 0x0000000703900000|100%|HC|  |TAMS 0x0000000703900000, 0x0000000703800000| Complete 
|  21|0x0000000703900000, 0x0000000703a00000, 0x0000000703a00000|100%|HC|  |TAMS 0x0000000703a00000, 0x0000000703900000| Complete 
|  22|0x0000000703a00000, 0x0000000703b00000, 0x0000000703b00000|100%|HC|  |TAMS 0x0000000703b00000, 0x0000000703a00000| Complete 
|  23|0x0000000703b00000, 0x0000000703c00000, 0x0000000703c00000|100%|HC|  |TAMS 0x0000000703c00000, 0x0000000703b00000| Complete 
|  24|0x0000000703c00000, 0x0000000703d00000, 0x0000000703d00000|100%|HC|  |TAMS 0x0000000703d00000, 0x0000000703c00000| Complete 
|  25|0x0000000703d00000, 0x0000000703e00000, 0x0000000703e00000|100%|HC|  |TAMS 0x0000000703e00000, 0x0000000703d00000| Complete 
|  26|0x0000000703e00000, 0x0000000703f00000, 0x0000000703f00000|100%|HC|  |TAMS 0x0000000703f00000, 0x0000000703e00000| Complete 
|  27|0x0000000703f00000, 0x0000000704000000, 0x0000000704000000|100%|HC|  |TAMS 0x0000000704000000, 0x0000000703f00000| Complete 
|  28|0x0000000704000000, 0x0000000704100000, 0x0000000704100000|100%|HC|  |TAMS 0x0000000704100000, 0x0000000704000000| Complete 
|  29|0x0000000704100000, 0x0000000704200000, 0x0000000704200000|100%|HC|  |TAMS 0x0000000704200000, 0x0000000704100000| Complete 
|  30|0x0000000704200000, 0x0000000704300000, 0x0000000704300000|100%|HC|  |TAMS 0x0000000704300000, 0x0000000704200000| Complete 
|  31|0x0000000704300000, 0x0000000704400000, 0x0000000704400000|100%|HC|  |TAMS 0x0000000704400000, 0x0000000704300000| Complete 
|  32|0x0000000704400000, 0x0000000704500000, 0x0000000704500000|100%|HC|  |TAMS 0x0000000704500000, 0x0000000704400000| Complete 
|  33|0x0000000704500000, 0x0000000704600000, 0x0000000704600000|100%|HC|  |TAMS 0x0000000704600000, 0x0000000704500000| Complete 
|  34|0x0000000704600000, 0x0000000704700000, 0x0000000704700000|100%|HC|  |TAMS 0x0000000704700000, 0x0000000704600000| Complete 
|  35|0x0000000704700000, 0x0000000704800000, 0x0000000704800000|100%|HC|  |TAMS 0x0000000704800000, 0x0000000704700000| Complete 
|  36|0x0000000704800000, 0x0000000704900000, 0x0000000704900000|100%|HC|  |TAMS 0x0000000704900000, 0x0000000704800000| Complete 
|  37|0x0000000704900000, 0x0000000704a00000, 0x0000000704a00000|100%|HC|  |TAMS 0x0000000704a00000, 0x0000000704900000| Complete 
|  38|0x0000000704a00000, 0x0000000704b00000, 0x0000000704b00000|100%|HC|  |TAMS 0x0000000704b00000, 0x0000000704a00000| Complete 
|  39|0x0000000704b00000, 0x0000000704c00000, 0x0000000704c00000|100%|HC|  |TAMS 0x0000000704c00000, 0x0000000704b00000| Complete 
|  40|0x0000000704c00000, 0x0000000704d00000, 0x0000000704d00000|100%|HC|  |TAMS 0x0000000704d00000, 0x0000000704c00000| Complete 
|  41|0x0000000704d00000, 0x0000000704e00000, 0x0000000704e00000|100%|HC|  |TAMS 0x0000000704e00000, 0x0000000704d00000| Complete 
|  42|0x0000000704e00000, 0x0000000704f00000, 0x0000000704f00000|100%|HC|  |TAMS 0x0000000704f00000, 0x0000000704e00000| Complete 
|  43|0x0000000704f00000, 0x0000000705000000, 0x0000000705000000|100%|HC|  |TAMS 0x0000000705000000, 0x0000000704f00000| Complete 
|  44|0x0000000705000000, 0x0000000705100000, 0x0000000705100000|100%|HC|  |TAMS 0x0000000705100000, 0x0000000705000000| Complete 
|  45|0x0000000705100000, 0x0000000705200000, 0x0000000705200000|100%|HC|  |TAMS 0x0000000705200000, 0x0000000705100000| Complete 
|  46|0x0000000705200000, 0x0000000705300000, 0x0000000705300000|100%|HC|  |TAMS 0x0000000705300000, 0x0000000705200000| Complete 
|  47|0x0000000705300000, 0x0000000705400000, 0x0000000705400000|100%|HC|  |TAMS 0x0000000705400000, 0x0000000705300000| Complete 
|  48|0x0000000705400000, 0x0000000705500000, 0x0000000705500000|100%|HC|  |TAMS 0x0000000705500000, 0x0000000705400000| Complete 
|  49|0x0000000705500000, 0x0000000705600000, 0x0000000705600000|100%|HC|  |TAMS 0x0000000705600000, 0x0000000705500000| Complete 
|  50|0x0000000705600000, 0x0000000705700000, 0x0000000705700000|100%|HC|  |TAMS 0x0000000705700000, 0x0000000705600000| Complete 
|  51|0x0000000705700000, 0x0000000705800000, 0x0000000705800000|100%|HC|  |TAMS 0x0000000705800000, 0x0000000705700000| Complete 
|  52|0x0000000705800000, 0x0000000705900000, 0x0000000705900000|100%|HC|  |TAMS 0x0000000705900000, 0x0000000705800000| Complete 
|  53|0x0000000705900000, 0x0000000705a00000, 0x0000000705a00000|100%|HC|  |TAMS 0x0000000705a00000, 0x0000000705900000| Complete 
|  54|0x0000000705a00000, 0x0000000705b00000, 0x0000000705b00000|100%|HC|  |TAMS 0x0000000705b00000, 0x0000000705a00000| Complete 
|  55|0x0000000705b00000, 0x0000000705c00000, 0x0000000705c00000|100%|HC|  |TAMS 0x0000000705c00000, 0x0000000705b00000| Complete 
|  56|0x0000000705c00000, 0x0000000705d00000, 0x0000000705d00000|100%|HC|  |TAMS 0x0000000705d00000, 0x0000000705c00000| Complete 
|  57|0x0000000705d00000, 0x0000000705e00000, 0x0000000705e00000|100%|HC|  |TAMS 0x0000000705e00000, 0x0000000705d00000| Complete 
|  58|0x0000000705e00000, 0x0000000705f00000, 0x0000000705f00000|100%|HC|  |TAMS 0x0000000705f00000, 0x0000000705e00000| Complete 
|  59|0x0000000705f00000, 0x0000000706000000, 0x0000000706000000|100%|HC|  |TAMS 0x0000000706000000, 0x0000000705f00000| Complete 
|  60|0x0000000706000000, 0x0000000706100000, 0x0000000706100000|100%|HC|  |TAMS 0x0000000706100000, 0x0000000706000000| Complete 
|  61|0x0000000706100000, 0x0000000706200000, 0x0000000706200000|100%|HC|  |TAMS 0x0000000706200000, 0x0000000706100000| Complete 
|  62|0x0000000706200000, 0x0000000706300000, 0x0000000706300000|100%|HC|  |TAMS 0x0000000706300000, 0x0000000706200000| Complete 
|  63|0x0000000706300000, 0x0000000706400000, 0x0000000706400000|100%|HC|  |TAMS 0x0000000706400000, 0x0000000706300000| Complete 
|  64|0x0000000706400000, 0x0000000706500000, 0x0000000706500000|100%|HC|  |TAMS 0x0000000706500000, 0x0000000706400000| Complete 
|  65|0x0000000706500000, 0x0000000706600000, 0x0000000706600000|100%|HC|  |TAMS 0x0000000706600000, 0x0000000706500000| Complete 
|  66|0x0000000706600000, 0x0000000706700000, 0x0000000706700000|100%|HC|  |TAMS 0x0000000706700000, 0x0000000706600000| Complete 
|  67|0x0000000706700000, 0x0000000706800000, 0x0000000706800000|100%|HC|  |TAMS 0x0000000706800000, 0x0000000706700000| Complete 
|  68|0x0000000706800000, 0x0000000706900000, 0x0000000706900000|100%|HC|  |TAMS 0x0000000706900000, 0x0000000706800000| Complete 
|  69|0x0000000706900000, 0x0000000706a00000, 0x0000000706a00000|100%|HC|  |TAMS 0x0000000706a00000, 0x0000000706900000| Complete 
|  70|0x0000000706a00000, 0x0000000706b00000, 0x0000000706b00000|100%|HC|  |TAMS 0x0000000706b00000, 0x0000000706a00000| Complete 
|  71|0x0000000706b00000, 0x0000000706c00000, 0x0000000706c00000|100%|HC|  |TAMS 0x0000000706c00000, 0x0000000706b00000| Complete 
|  72|0x0000000706c00000, 0x0000000706d00000, 0x0000000706d00000|100%|HC|  |TAMS 0x0000000706d00000, 0x0000000706c00000| Complete 
|  73|0x0000000706d00000, 0x0000000706e00000, 0x0000000706e00000|100%|HC|  |TAMS 0x0000000706e00000, 0x0000000706d00000| Complete 
|  74|0x0000000706e00000, 0x0000000706f00000, 0x0000000706f00000|100%|HC|  |TAMS 0x0000000706f00000, 0x0000000706e00000| Complete 
|  75|0x0000000706f00000, 0x0000000707000000, 0x0000000707000000|100%|HC|  |TAMS 0x0000000707000000, 0x0000000706f00000| Complete 
|  76|0x0000000707000000, 0x0000000707100000, 0x0000000707100000|100%|HC|  |TAMS 0x0000000707100000, 0x0000000707000000| Complete 
|  77|0x0000000707100000, 0x0000000707200000, 0x0000000707200000|100%|HC|  |TAMS 0x0000000707200000, 0x0000000707100000| Complete 
|  78|0x0000000707200000, 0x0000000707300000, 0x0000000707300000|100%|HC|  |TAMS 0x0000000707300000, 0x0000000707200000| Complete 
|  79|0x0000000707300000, 0x0000000707400000, 0x0000000707400000|100%|HC|  |TAMS 0x0000000707400000, 0x0000000707300000| Complete 
|  80|0x0000000707400000, 0x0000000707500000, 0x0000000707500000|100%|HC|  |TAMS 0x0000000707500000, 0x0000000707400000| Complete 
|  81|0x0000000707500000, 0x0000000707600000, 0x0000000707600000|100%|HC|  |TAMS 0x0000000707600000, 0x0000000707500000| Complete 
|  82|0x0000000707600000, 0x0000000707700000, 0x0000000707700000|100%|HC|  |TAMS 0x0000000707700000, 0x0000000707600000| Complete 
|  83|0x0000000707700000, 0x0000000707800000, 0x0000000707800000|100%|HC|  |TAMS 0x0000000707800000, 0x0000000707700000| Complete 
|  84|0x0000000707800000, 0x0000000707900000, 0x0000000707900000|100%|HC|  |TAMS 0x0000000707900000, 0x0000000707800000| Complete 
|  85|0x0000000707900000, 0x0000000707a00000, 0x0000000707a00000|100%|HC|  |TAMS 0x0000000707a00000, 0x0000000707900000| Complete 
|  86|0x0000000707a00000, 0x0000000707b00000, 0x0000000707b00000|100%|HC|  |TAMS 0x0000000707b00000, 0x0000000707a00000| Complete 
|  87|0x0000000707b00000, 0x0000000707c00000, 0x0000000707c00000|100%|HC|  |TAMS 0x0000000707c00000, 0x0000000707b00000| Complete 
|  88|0x0000000707c00000, 0x0000000707d00000, 0x0000000707d00000|100%|HC|  |TAMS 0x0000000707d00000, 0x0000000707c00000| Complete 
|  89|0x0000000707d00000, 0x0000000707e00000, 0x0000000707e00000|100%|HC|  |TAMS 0x0000000707e00000, 0x0000000707d00000| Complete 
|  90|0x0000000707e00000, 0x0000000707f00000, 0x0000000707f00000|100%|HC|  |TAMS 0x0000000707f00000, 0x0000000707e00000| Complete 
|  91|0x0000000707f00000, 0x0000000708000000, 0x0000000708000000|100%|HC|  |TAMS 0x0000000708000000, 0x0000000707f00000| Complete 
|  92|0x0000000708000000, 0x0000000708100000, 0x0000000708100000|100%|HC|  |TAMS 0x0000000708100000, 0x0000000708000000| Complete 
|  93|0x0000000708100000, 0x0000000708200000, 0x0000000708200000|100%|HC|  |TAMS 0x0000000708200000, 0x0000000708100000| Complete 
|  94|0x0000000708200000, 0x0000000708300000, 0x0000000708300000|100%|HC|  |TAMS 0x0000000708300000, 0x0000000708200000| Complete 
|  95|0x0000000708300000, 0x0000000708400000, 0x0000000708400000|100%|HC|  |TAMS 0x0000000708400000, 0x0000000708300000| Complete 
|  96|0x0000000708400000, 0x0000000708500000, 0x0000000708500000|100%|HC|  |TAMS 0x0000000708500000, 0x0000000708400000| Complete 
|  97|0x0000000708500000, 0x0000000708600000, 0x0000000708600000|100%|HC|  |TAMS 0x0000000708600000, 0x0000000708500000| Complete 
|  98|0x0000000708600000, 0x0000000708700000, 0x0000000708700000|100%|HC|  |TAMS 0x0000000708700000, 0x0000000708600000| Complete 
|  99|0x0000000708700000, 0x0000000708800000, 0x0000000708800000|100%|HC|  |TAMS 0x0000000708800000, 0x0000000708700000| Complete 
| 100|0x0000000708800000, 0x0000000708900000, 0x0000000708900000|100%|HC|  |TAMS 0x0000000708900000, 0x0000000708800000| Complete 
| 101|0x0000000708900000, 0x0000000708a00000, 0x0000000708a00000|100%|HC|  |TAMS 0x0000000708a00000, 0x0000000708900000| Complete 
| 102|0x0000000708a00000, 0x0000000708b00000, 0x0000000708b00000|100%|HC|  |TAMS 0x0000000708b00000, 0x0000000708a00000| Complete 
| 103|0x0000000708b00000, 0x0000000708c00000, 0x0000000708c00000|100%|HC|  |TAMS 0x0000000708c00000, 0x0000000708b00000| Complete 
| 104|0x0000000708c00000, 0x0000000708d00000, 0x0000000708d00000|100%|HC|  |TAMS 0x0000000708d00000, 0x0000000708c00000| Complete 
| 105|0x0000000708d00000, 0x0000000708e00000, 0x0000000708e00000|100%|HC|  |TAMS 0x0000000708e00000, 0x0000000708d00000| Complete 
| 106|0x0000000708e00000, 0x0000000708f00000, 0x0000000708f00000|100%|HC|  |TAMS 0x0000000708f00000, 0x0000000708e00000| Complete 
| 107|0x0000000708f00000, 0x0000000709000000, 0x0000000709000000|100%|HC|  |TAMS 0x0000000709000000, 0x0000000708f00000| Complete 
| 108|0x0000000709000000, 0x0000000709100000, 0x0000000709100000|100%|HC|  |TAMS 0x0000000709100000, 0x0000000709000000| Complete 
| 109|0x0000000709100000, 0x0000000709200000, 0x0000000709200000|100%|HC|  |TAMS 0x0000000709200000, 0x0000000709100000| Complete 
| 110|0x0000000709200000, 0x0000000709300000, 0x0000000709300000|100%|HC|  |TAMS 0x0000000709300000, 0x0000000709200000| Complete 
| 111|0x0000000709300000, 0x0000000709400000, 0x0000000709400000|100%|HC|  |TAMS 0x0000000709400000, 0x0000000709300000| Complete 
| 112|0x0000000709400000, 0x0000000709500000, 0x0000000709500000|100%|HC|  |TAMS 0x0000000709500000, 0x0000000709400000| Complete 
| 113|0x0000000709500000, 0x0000000709600000, 0x0000000709600000|100%|HC|  |TAMS 0x0000000709600000, 0x0000000709500000| Complete 
| 114|0x0000000709600000, 0x0000000709700000, 0x0000000709700000|100%|HC|  |TAMS 0x0000000709700000, 0x0000000709600000| Complete 
| 115|0x0000000709700000, 0x0000000709800000, 0x0000000709800000|100%|HC|  |TAMS 0x0000000709800000, 0x0000000709700000| Complete 
| 116|0x0000000709800000, 0x0000000709900000, 0x0000000709900000|100%|HC|  |TAMS 0x0000000709900000, 0x0000000709800000| Complete 
| 117|0x0000000709900000, 0x0000000709a00000, 0x0000000709a00000|100%|HC|  |TAMS 0x0000000709a00000, 0x0000000709900000| Complete 
| 118|0x0000000709a00000, 0x0000000709b00000, 0x0000000709b00000|100%|HC|  |TAMS 0x0000000709b00000, 0x0000000709a00000| Complete 
| 119|0x0000000709b00000, 0x0000000709c00000, 0x0000000709c00000|100%|HC|  |TAMS 0x0000000709c00000, 0x0000000709b00000| Complete 
| 120|0x0000000709c00000, 0x0000000709d00000, 0x0000000709d00000|100%|HC|  |TAMS 0x0000000709d00000, 0x0000000709c00000| Complete 
| 121|0x0000000709d00000, 0x0000000709e00000, 0x0000000709e00000|100%|HC|  |TAMS 0x0000000709e00000, 0x0000000709d00000| Complete 
| 122|0x0000000709e00000, 0x0000000709f00000, 0x0000000709f00000|100%|HC|  |TAMS 0x0000000709f00000, 0x0000000709e00000| Complete 
| 123|0x0000000709f00000, 0x000000070a000000, 0x000000070a000000|100%|HC|  |TAMS 0x000000070a000000, 0x0000000709f00000| Complete 
| 124|0x000000070a000000, 0x000000070a100000, 0x000000070a100000|100%|HC|  |TAMS 0x000000070a100000, 0x000000070a000000| Complete 
| 125|0x000000070a100000, 0x000000070a200000, 0x000000070a200000|100%|HC|  |TAMS 0x000000070a200000, 0x000000070a100000| Complete 
| 126|0x000000070a200000, 0x000000070a300000, 0x000000070a300000|100%|HC|  |TAMS 0x000000070a300000, 0x000000070a200000| Complete 
| 127|0x000000070a300000, 0x000000070a400000, 0x000000070a400000|100%|HC|  |TAMS 0x000000070a400000, 0x000000070a300000| Complete 
| 128|0x000000070a400000, 0x000000070a500000, 0x000000070a500000|100%|HC|  |TAMS 0x000000070a500000, 0x000000070a400000| Complete 
| 129|0x000000070a500000, 0x000000070a600000, 0x000000070a600000|100%|HC|  |TAMS 0x000000070a600000, 0x000000070a500000| Complete 
| 130|0x000000070a600000, 0x000000070a700000, 0x000000070a700000|100%|HC|  |TAMS 0x000000070a700000, 0x000000070a600000| Complete 
| 131|0x000000070a700000, 0x000000070a800000, 0x000000070a800000|100%|HC|  |TAMS 0x000000070a800000, 0x000000070a700000| Complete 
| 132|0x000000070a800000, 0x000000070a900000, 0x000000070a900000|100%|HC|  |TAMS 0x000000070a900000, 0x000000070a800000| Complete 
| 133|0x000000070a900000, 0x000000070aa00000, 0x000000070aa00000|100%|HC|  |TAMS 0x000000070aa00000, 0x000000070a900000| Complete 
| 134|0x000000070aa00000, 0x000000070ab00000, 0x000000070ab00000|100%|HC|  |TAMS 0x000000070ab00000, 0x000000070aa00000| Complete 
| 135|0x000000070ab00000, 0x000000070ac00000, 0x000000070ac00000|100%|HC|  |TAMS 0x000000070ac00000, 0x000000070ab00000| Complete 
| 136|0x000000070ac00000, 0x000000070ad00000, 0x000000070ad00000|100%|HC|  |TAMS 0x000000070ad00000, 0x000000070ac00000| Complete 
| 137|0x000000070ad00000, 0x000000070ae00000, 0x000000070ae00000|100%|HC|  |TAMS 0x000000070ae00000, 0x000000070ad00000| Complete 
| 138|0x000000070ae00000, 0x000000070af00000, 0x000000070af00000|100%|HC|  |TAMS 0x000000070af00000, 0x000000070ae00000| Complete 
| 139|0x000000070af00000, 0x000000070b000000, 0x000000070b000000|100%|HC|  |TAMS 0x000000070b000000, 0x000000070af00000| Complete 
| 140|0x000000070b000000, 0x000000070b100000, 0x000000070b100000|100%|HC|  |TAMS 0x000000070b100000, 0x000000070b000000| Complete 
| 141|0x000000070b100000, 0x000000070b200000, 0x000000070b200000|100%|HC|  |TAMS 0x000000070b200000, 0x000000070b100000| Complete 
| 142|0x000000070b200000, 0x000000070b300000, 0x000000070b300000|100%|HC|  |TAMS 0x000000070b300000, 0x000000070b200000| Complete 
| 143|0x000000070b300000, 0x000000070b400000, 0x000000070b400000|100%|HC|  |TAMS 0x000000070b400000, 0x000000070b300000| Complete 
| 144|0x000000070b400000, 0x000000070b500000, 0x000000070b500000|100%|HC|  |TAMS 0x000000070b500000, 0x000000070b400000| Complete 
| 145|0x000000070b500000, 0x000000070b600000, 0x000000070b600000|100%|HC|  |TAMS 0x000000070b600000, 0x000000070b500000| Complete 
| 146|0x000000070b600000, 0x000000070b700000, 0x000000070b700000|100%|HC|  |TAMS 0x000000070b700000, 0x000000070b600000| Complete 
| 147|0x000000070b700000, 0x000000070b800000, 0x000000070b800000|100%|HC|  |TAMS 0x000000070b800000, 0x000000070b700000| Complete 
| 148|0x000000070b800000, 0x000000070b900000, 0x000000070b900000|100%|HC|  |TAMS 0x000000070b900000, 0x000000070b800000| Complete 
| 149|0x000000070b900000, 0x000000070ba00000, 0x000000070ba00000|100%| O|  |TAMS 0x000000070ba00000, 0x000000070b900000| Untracked 
| 150|0x000000070ba00000, 0x000000070bb00000, 0x000000070bb00000|100%| O|  |TAMS 0x000000070bb00000, 0x000000070ba00000| Untracked 
| 151|0x000000070bb00000, 0x000000070bc00000, 0x000000070bc00000|100%|HS|  |TAMS 0x000000070bb00000, 0x000000070bb00000| Complete 
| 152|0x000000070bc00000, 0x000000070bd00000, 0x000000070bd00000|100%| O|  |TAMS 0x000000070bd00000, 0x000000070bc00000| Untracked 
| 153|0x000000070bd00000, 0x000000070be00000, 0x000000070be00000|100%| O|  |TAMS 0x000000070be00000, 0x000000070bd00000| Untracked 
| 154|0x000000070be00000, 0x000000070bf00000, 0x000000070bf00000|100%| O|  |TAMS 0x000000070bf00000, 0x000000070be00000| Untracked 
| 155|0x000000070bf00000, 0x000000070bfc4a00, 0x000000070c000000| 76%| O|  |TAMS 0x000000070bfc4a00, 0x000000070bf00000| Untracked 
| 156|0x000000070c000000, 0x000000070c100000, 0x000000070c100000|100%|HS|  |TAMS 0x000000070c100000, 0x000000070c000000| Complete 
| 157|0x000000070c100000, 0x000000070c200000, 0x000000070c200000|100%|HC|  |TAMS 0x000000070c200000, 0x000000070c100000| Complete 
| 158|0x000000070c200000, 0x000000070c300000, 0x000000070c300000|100%|HS|  |TAMS 0x000000070c300000, 0x000000070c200000| Complete 
| 159|0x000000070c300000, 0x000000070c300000, 0x000000070c400000|  0%| F|  |TAMS 0x000000070c300000, 0x000000070c300000| Untracked 
| 160|0x000000070c400000, 0x000000070c400000, 0x000000070c500000|  0%| F|  |TAMS 0x000000070c400000, 0x000000070c400000| Untracked 
| 161|0x000000070c500000, 0x000000070c500000, 0x000000070c600000|  0%| F|  |TAMS 0x000000070c500000, 0x000000070c500000| Untracked 
| 162|0x000000070c600000, 0x000000070c600000, 0x000000070c700000|  0%| F|  |TAMS 0x000000070c600000, 0x000000070c600000| Untracked 
| 163|0x000000070c700000, 0x000000070c700000, 0x000000070c800000|  0%| F|  |TAMS 0x000000070c700000, 0x000000070c700000| Untracked 
| 164|0x000000070c800000, 0x000000070c800000, 0x000000070c900000|  0%| F|  |TAMS 0x000000070c800000, 0x000000070c800000| Untracked 
| 165|0x000000070c900000, 0x000000070c900000, 0x000000070ca00000|  0%| F|  |TAMS 0x000000070c900000, 0x000000070c900000| Untracked 
| 166|0x000000070ca00000, 0x000000070ca00000, 0x000000070cb00000|  0%| F|  |TAMS 0x000000070ca00000, 0x000000070ca00000| Untracked 
| 167|0x000000070cb00000, 0x000000070cb00000, 0x000000070cc00000|  0%| F|  |TAMS 0x000000070cb00000, 0x000000070cb00000| Untracked 
| 168|0x000000070cc00000, 0x000000070cc00000, 0x000000070cd00000|  0%| F|  |TAMS 0x000000070cc00000, 0x000000070cc00000| Untracked 
| 169|0x000000070cd00000, 0x000000070cd00000, 0x000000070ce00000|  0%| F|  |TAMS 0x000000070cd00000, 0x000000070cd00000| Untracked 
| 170|0x000000070ce00000, 0x000000070ce00000, 0x000000070cf00000|  0%| F|  |TAMS 0x000000070ce00000, 0x000000070ce00000| Untracked 
| 171|0x000000070cf00000, 0x000000070cf00000, 0x000000070d000000|  0%| F|  |TAMS 0x000000070cf00000, 0x000000070cf00000| Untracked 
| 172|0x000000070d000000, 0x000000070d000000, 0x000000070d100000|  0%| F|  |TAMS 0x000000070d000000, 0x000000070d000000| Untracked 
| 173|0x000000070d100000, 0x000000070d100000, 0x000000070d200000|  0%| F|  |TAMS 0x000000070d100000, 0x000000070d100000| Untracked 
| 174|0x000000070d200000, 0x000000070d200000, 0x000000070d300000|  0%| F|  |TAMS 0x000000070d200000, 0x000000070d200000| Untracked 
| 175|0x000000070d300000, 0x000000070d300000, 0x000000070d400000|  0%| F|  |TAMS 0x000000070d300000, 0x000000070d300000| Untracked 
| 176|0x000000070d400000, 0x000000070d400000, 0x000000070d500000|  0%| F|  |TAMS 0x000000070d400000, 0x000000070d400000| Untracked 
| 177|0x000000070d500000, 0x000000070d500000, 0x000000070d600000|  0%| F|  |TAMS 0x000000070d500000, 0x000000070d500000| Untracked 
| 178|0x000000070d600000, 0x000000070d600000, 0x000000070d700000|  0%| F|  |TAMS 0x000000070d600000, 0x000000070d600000| Untracked 
| 179|0x000000070d700000, 0x000000070d700000, 0x000000070d800000|  0%| F|  |TAMS 0x000000070d700000, 0x000000070d700000| Untracked 
| 180|0x000000070d800000, 0x000000070d800000, 0x000000070d900000|  0%| F|  |TAMS 0x000000070d800000, 0x000000070d800000| Untracked 
| 181|0x000000070d900000, 0x000000070d900000, 0x000000070da00000|  0%| F|  |TAMS 0x000000070d900000, 0x000000070d900000| Untracked 
| 182|0x000000070da00000, 0x000000070da00000, 0x000000070db00000|  0%| F|  |TAMS 0x000000070da00000, 0x000000070da00000| Untracked 
| 183|0x000000070db00000, 0x000000070db00000, 0x000000070dc00000|  0%| F|  |TAMS 0x000000070db00000, 0x000000070db00000| Untracked 
| 184|0x000000070dc00000, 0x000000070dc00000, 0x000000070dd00000|  0%| F|  |TAMS 0x000000070dc00000, 0x000000070dc00000| Untracked 
| 185|0x000000070dd00000, 0x000000070dd00000, 0x000000070de00000|  0%| F|  |TAMS 0x000000070dd00000, 0x000000070dd00000| Untracked 
| 186|0x000000070de00000, 0x000000070de00000, 0x000000070df00000|  0%| F|  |TAMS 0x000000070de00000, 0x000000070de00000| Untracked 
| 187|0x000000070df00000, 0x000000070df00000, 0x000000070e000000|  0%| F|  |TAMS 0x000000070df00000, 0x000000070df00000| Untracked 
| 188|0x000000070e000000, 0x000000070e000000, 0x000000070e100000|  0%| F|  |TAMS 0x000000070e000000, 0x000000070e000000| Untracked 
| 189|0x000000070e100000, 0x000000070e100000, 0x000000070e200000|  0%| F|  |TAMS 0x000000070e100000, 0x000000070e100000| Untracked 
| 190|0x000000070e200000, 0x000000070e200000, 0x000000070e300000|  0%| F|  |TAMS 0x000000070e200000, 0x000000070e200000| Untracked 
| 191|0x000000070e300000, 0x000000070e300000, 0x000000070e400000|  0%| F|  |TAMS 0x000000070e300000, 0x000000070e300000| Untracked 
| 192|0x000000070e400000, 0x000000070e400000, 0x000000070e500000|  0%| F|  |TAMS 0x000000070e400000, 0x000000070e400000| Untracked 
| 193|0x000000070e500000, 0x000000070e500000, 0x000000070e600000|  0%| F|  |TAMS 0x000000070e500000, 0x000000070e500000| Untracked 
| 194|0x000000070e600000, 0x000000070e600000, 0x000000070e700000|  0%| F|  |TAMS 0x000000070e600000, 0x000000070e600000| Untracked 
| 195|0x000000070e700000, 0x000000070e700000, 0x000000070e800000|  0%| F|  |TAMS 0x000000070e700000, 0x000000070e700000| Untracked 
| 196|0x000000070e800000, 0x000000070e800000, 0x000000070e900000|  0%| F|  |TAMS 0x000000070e800000, 0x000000070e800000| Untracked 
| 197|0x000000070e900000, 0x000000070e900000, 0x000000070ea00000|  0%| F|  |TAMS 0x000000070e900000, 0x000000070e900000| Untracked 
| 198|0x000000070ea00000, 0x000000070ea00000, 0x000000070eb00000|  0%| F|  |TAMS 0x000000070ea00000, 0x000000070ea00000| Untracked 
| 199|0x000000070eb00000, 0x000000070eb00000, 0x000000070ec00000|  0%| F|  |TAMS 0x000000070eb00000, 0x000000070eb00000| Untracked 
| 200|0x000000070ec00000, 0x000000070ec00000, 0x000000070ed00000|  0%| F|  |TAMS 0x000000070ec00000, 0x000000070ec00000| Untracked 
| 201|0x000000070ed00000, 0x000000070ed00000, 0x000000070ee00000|  0%| F|  |TAMS 0x000000070ed00000, 0x000000070ed00000| Untracked 
| 202|0x000000070ee00000, 0x000000070ee00000, 0x000000070ef00000|  0%| F|  |TAMS 0x000000070ee00000, 0x000000070ee00000| Untracked 
| 203|0x000000070ef00000, 0x000000070ef00000, 0x000000070f000000|  0%| F|  |TAMS 0x000000070ef00000, 0x000000070ef00000| Untracked 
| 204|0x000000070f000000, 0x000000070f000000, 0x000000070f100000|  0%| F|  |TAMS 0x000000070f000000, 0x000000070f000000| Untracked 
| 205|0x000000070f100000, 0x000000070f100000, 0x000000070f200000|  0%| F|  |TAMS 0x000000070f100000, 0x000000070f100000| Untracked 
| 206|0x000000070f200000, 0x000000070f200000, 0x000000070f300000|  0%| F|  |TAMS 0x000000070f200000, 0x000000070f200000| Untracked 
| 207|0x000000070f300000, 0x000000070f300000, 0x000000070f400000|  0%| F|  |TAMS 0x000000070f300000, 0x000000070f300000| Untracked 
| 208|0x000000070f400000, 0x000000070f400000, 0x000000070f500000|  0%| F|  |TAMS 0x000000070f400000, 0x000000070f400000| Untracked 
| 209|0x000000070f500000, 0x000000070f500000, 0x000000070f600000|  0%| F|  |TAMS 0x000000070f500000, 0x000000070f500000| Untracked 
| 210|0x000000070f600000, 0x000000070f600000, 0x000000070f700000|  0%| F|  |TAMS 0x000000070f600000, 0x000000070f600000| Untracked 
| 211|0x000000070f700000, 0x000000070f700000, 0x000000070f800000|  0%| F|  |TAMS 0x000000070f700000, 0x000000070f700000| Untracked 
| 212|0x000000070f800000, 0x000000070f800000, 0x000000070f900000|  0%| F|  |TAMS 0x000000070f800000, 0x000000070f800000| Untracked 
| 213|0x000000070f900000, 0x000000070f900000, 0x000000070fa00000|  0%| F|  |TAMS 0x000000070f900000, 0x000000070f900000| Untracked 
| 214|0x000000070fa00000, 0x000000070fa00000, 0x000000070fb00000|  0%| F|  |TAMS 0x000000070fa00000, 0x000000070fa00000| Untracked 
| 215|0x000000070fb00000, 0x000000070fb00000, 0x000000070fc00000|  0%| F|  |TAMS 0x000000070fb00000, 0x000000070fb00000| Untracked 
| 216|0x000000070fc00000, 0x000000070fc00000, 0x000000070fd00000|  0%| F|  |TAMS 0x000000070fc00000, 0x000000070fc00000| Untracked 
| 217|0x000000070fd00000, 0x000000070fd00000, 0x000000070fe00000|  0%| F|  |TAMS 0x000000070fd00000, 0x000000070fd00000| Untracked 
| 218|0x000000070fe00000, 0x000000070fe00000, 0x000000070ff00000|  0%| F|  |TAMS 0x000000070fe00000, 0x000000070fe00000| Untracked 
| 219|0x000000070ff00000, 0x000000070ff00000, 0x0000000710000000|  0%| F|  |TAMS 0x000000070ff00000, 0x000000070ff00000| Untracked 
| 220|0x0000000710000000, 0x0000000710000000, 0x0000000710100000|  0%| F|  |TAMS 0x0000000710000000, 0x0000000710000000| Untracked 
| 221|0x0000000710100000, 0x0000000710100000, 0x0000000710200000|  0%| F|  |TAMS 0x0000000710100000, 0x0000000710100000| Untracked 
| 222|0x0000000710200000, 0x0000000710200000, 0x0000000710300000|  0%| F|  |TAMS 0x0000000710200000, 0x0000000710200000| Untracked 
| 223|0x0000000710300000, 0x0000000710300000, 0x0000000710400000|  0%| F|  |TAMS 0x0000000710300000, 0x0000000710300000| Untracked 
| 224|0x0000000710400000, 0x0000000710400000, 0x0000000710500000|  0%| F|  |TAMS 0x0000000710400000, 0x0000000710400000| Untracked 
| 225|0x0000000710500000, 0x0000000710500000, 0x0000000710600000|  0%| F|  |TAMS 0x0000000710500000, 0x0000000710500000| Untracked 
| 226|0x0000000710600000, 0x0000000710600000, 0x0000000710700000|  0%| F|  |TAMS 0x0000000710600000, 0x0000000710600000| Untracked 
| 227|0x0000000710700000, 0x0000000710700000, 0x0000000710800000|  0%| F|  |TAMS 0x0000000710700000, 0x0000000710700000| Untracked 
| 228|0x0000000710800000, 0x0000000710800000, 0x0000000710900000|  0%| F|  |TAMS 0x0000000710800000, 0x0000000710800000| Untracked 
| 229|0x0000000710900000, 0x0000000710900000, 0x0000000710a00000|  0%| F|  |TAMS 0x0000000710900000, 0x0000000710900000| Untracked 
| 230|0x0000000710a00000, 0x0000000710a00000, 0x0000000710b00000|  0%| F|  |TAMS 0x0000000710a00000, 0x0000000710a00000| Untracked 
| 231|0x0000000710b00000, 0x0000000710b00000, 0x0000000710c00000|  0%| F|  |TAMS 0x0000000710b00000, 0x0000000710b00000| Untracked 
| 232|0x0000000710c00000, 0x0000000710c00000, 0x0000000710d00000|  0%| F|  |TAMS 0x0000000710c00000, 0x0000000710c00000| Untracked 
| 233|0x0000000710d00000, 0x0000000710d00000, 0x0000000710e00000|  0%| F|  |TAMS 0x0000000710d00000, 0x0000000710d00000| Untracked 
| 234|0x0000000710e00000, 0x0000000710e00000, 0x0000000710f00000|  0%| F|  |TAMS 0x0000000710e00000, 0x0000000710e00000| Untracked 
| 235|0x0000000710f00000, 0x0000000710f00000, 0x0000000711000000|  0%| F|  |TAMS 0x0000000710f00000, 0x0000000710f00000| Untracked 
| 236|0x0000000711000000, 0x0000000711000000, 0x0000000711100000|  0%| F|  |TAMS 0x0000000711000000, 0x0000000711000000| Untracked 
| 237|0x0000000711100000, 0x0000000711100000, 0x0000000711200000|  0%| F|  |TAMS 0x0000000711100000, 0x0000000711100000| Untracked 
| 238|0x0000000711200000, 0x0000000711200000, 0x0000000711300000|  0%| F|  |TAMS 0x0000000711200000, 0x0000000711200000| Untracked 
| 239|0x0000000711300000, 0x0000000711300000, 0x0000000711400000|  0%| F|  |TAMS 0x0000000711300000, 0x0000000711300000| Untracked 
| 240|0x0000000711400000, 0x0000000711400000, 0x0000000711500000|  0%| F|  |TAMS 0x0000000711400000, 0x0000000711400000| Untracked 
| 241|0x0000000711500000, 0x0000000711500000, 0x0000000711600000|  0%| F|  |TAMS 0x0000000711500000, 0x0000000711500000| Untracked 
| 242|0x0000000711600000, 0x0000000711600000, 0x0000000711700000|  0%| F|  |TAMS 0x0000000711600000, 0x0000000711600000| Untracked 
| 243|0x0000000711700000, 0x0000000711700000, 0x0000000711800000|  0%| F|  |TAMS 0x0000000711700000, 0x0000000711700000| Untracked 
| 244|0x0000000711800000, 0x0000000711800000, 0x0000000711900000|  0%| F|  |TAMS 0x0000000711800000, 0x0000000711800000| Untracked 
| 245|0x0000000711900000, 0x0000000711900000, 0x0000000711a00000|  0%| F|  |TAMS 0x0000000711900000, 0x0000000711900000| Untracked 
| 246|0x0000000711a00000, 0x0000000711a00000, 0x0000000711b00000|  0%| F|  |TAMS 0x0000000711a00000, 0x0000000711a00000| Untracked 
| 247|0x0000000711b00000, 0x0000000711b00000, 0x0000000711c00000|  0%| F|  |TAMS 0x0000000711b00000, 0x0000000711b00000| Untracked 
| 248|0x0000000711c00000, 0x0000000711c00000, 0x0000000711d00000|  0%| F|  |TAMS 0x0000000711c00000, 0x0000000711c00000| Untracked 
| 249|0x0000000711d00000, 0x0000000711d00000, 0x0000000711e00000|  0%| F|  |TAMS 0x0000000711d00000, 0x0000000711d00000| Untracked 
| 250|0x0000000711e00000, 0x0000000711e00000, 0x0000000711f00000|  0%| F|  |TAMS 0x0000000711e00000, 0x0000000711e00000| Untracked 
| 251|0x0000000711f00000, 0x0000000711f00000, 0x0000000712000000|  0%| F|  |TAMS 0x0000000711f00000, 0x0000000711f00000| Untracked 
| 252|0x0000000712000000, 0x0000000712000000, 0x0000000712100000|  0%| F|  |TAMS 0x0000000712000000, 0x0000000712000000| Untracked 
| 253|0x0000000712100000, 0x0000000712100000, 0x0000000712200000|  0%| F|  |TAMS 0x0000000712100000, 0x0000000712100000| Untracked 
| 254|0x0000000712200000, 0x0000000712200000, 0x0000000712300000|  0%| F|  |TAMS 0x0000000712200000, 0x0000000712200000| Untracked 
| 255|0x0000000712300000, 0x0000000712300000, 0x0000000712400000|  0%| F|  |TAMS 0x0000000712300000, 0x0000000712300000| Untracked 
| 256|0x0000000712400000, 0x0000000712400000, 0x0000000712500000|  0%| F|  |TAMS 0x0000000712400000, 0x0000000712400000| Untracked 
| 257|0x0000000712500000, 0x0000000712500000, 0x0000000712600000|  0%| F|  |TAMS 0x0000000712500000, 0x0000000712500000| Untracked 
| 258|0x0000000712600000, 0x0000000712600000, 0x0000000712700000|  0%| F|  |TAMS 0x0000000712600000, 0x0000000712600000| Untracked 
| 259|0x0000000712700000, 0x0000000712700000, 0x0000000712800000|  0%| F|  |TAMS 0x0000000712700000, 0x0000000712700000| Untracked 
| 260|0x0000000712800000, 0x0000000712800000, 0x0000000712900000|  0%| F|  |TAMS 0x0000000712800000, 0x0000000712800000| Untracked 
| 261|0x0000000712900000, 0x0000000712900000, 0x0000000712a00000|  0%| F|  |TAMS 0x0000000712900000, 0x0000000712900000| Untracked 
| 262|0x0000000712a00000, 0x0000000712a00000, 0x0000000712b00000|  0%| F|  |TAMS 0x0000000712a00000, 0x0000000712a00000| Untracked 
| 263|0x0000000712b00000, 0x0000000712b00000, 0x0000000712c00000|  0%| F|  |TAMS 0x0000000712b00000, 0x0000000712b00000| Untracked 
| 264|0x0000000712c00000, 0x0000000712c00000, 0x0000000712d00000|  0%| F|  |TAMS 0x0000000712c00000, 0x0000000712c00000| Untracked 
| 265|0x0000000712d00000, 0x0000000712d00000, 0x0000000712e00000|  0%| F|  |TAMS 0x0000000712d00000, 0x0000000712d00000| Untracked 
| 266|0x0000000712e00000, 0x0000000712e00000, 0x0000000712f00000|  0%| F|  |TAMS 0x0000000712e00000, 0x0000000712e00000| Untracked 
| 267|0x0000000712f00000, 0x0000000712f00000, 0x0000000713000000|  0%| F|  |TAMS 0x0000000712f00000, 0x0000000712f00000| Untracked 
| 268|0x0000000713000000, 0x0000000713000000, 0x0000000713100000|  0%| F|  |TAMS 0x0000000713000000, 0x0000000713000000| Untracked 
| 269|0x0000000713100000, 0x0000000713100000, 0x0000000713200000|  0%| F|  |TAMS 0x0000000713100000, 0x0000000713100000| Untracked 
| 270|0x0000000713200000, 0x0000000713200000, 0x0000000713300000|  0%| F|  |TAMS 0x0000000713200000, 0x0000000713200000| Untracked 
| 271|0x0000000713300000, 0x0000000713300000, 0x0000000713400000|  0%| F|  |TAMS 0x0000000713300000, 0x0000000713300000| Untracked 
| 272|0x0000000713400000, 0x0000000713400000, 0x0000000713500000|  0%| F|  |TAMS 0x0000000713400000, 0x0000000713400000| Untracked 
| 273|0x0000000713500000, 0x0000000713500000, 0x0000000713600000|  0%| F|  |TAMS 0x0000000713500000, 0x0000000713500000| Untracked 
| 274|0x0000000713600000, 0x0000000713600000, 0x0000000713700000|  0%| F|  |TAMS 0x0000000713600000, 0x0000000713600000| Untracked 
| 275|0x0000000713700000, 0x0000000713700000, 0x0000000713800000|  0%| F|  |TAMS 0x0000000713700000, 0x0000000713700000| Untracked 
| 276|0x0000000713800000, 0x0000000713800000, 0x0000000713900000|  0%| F|  |TAMS 0x0000000713800000, 0x0000000713800000| Untracked 
| 277|0x0000000713900000, 0x0000000713900000, 0x0000000713a00000|  0%| F|  |TAMS 0x0000000713900000, 0x0000000713900000| Untracked 
| 278|0x0000000713a00000, 0x0000000713a00000, 0x0000000713b00000|  0%| F|  |TAMS 0x0000000713a00000, 0x0000000713a00000| Untracked 
| 279|0x0000000713b00000, 0x0000000713b00000, 0x0000000713c00000|  0%| F|  |TAMS 0x0000000713b00000, 0x0000000713b00000| Untracked 
| 280|0x0000000713c00000, 0x0000000713c00000, 0x0000000713d00000|  0%| F|  |TAMS 0x0000000713c00000, 0x0000000713c00000| Untracked 
| 281|0x0000000713d00000, 0x0000000713d00000, 0x0000000713e00000|  0%| F|  |TAMS 0x0000000713d00000, 0x0000000713d00000| Untracked 
| 282|0x0000000713e00000, 0x0000000713e00000, 0x0000000713f00000|  0%| F|  |TAMS 0x0000000713e00000, 0x0000000713e00000| Untracked 
| 283|0x0000000713f00000, 0x0000000713f00000, 0x0000000714000000|  0%| F|  |TAMS 0x0000000713f00000, 0x0000000713f00000| Untracked 
| 284|0x0000000714000000, 0x0000000714000000, 0x0000000714100000|  0%| F|  |TAMS 0x0000000714000000, 0x0000000714000000| Untracked 
| 285|0x0000000714100000, 0x0000000714100000, 0x0000000714200000|  0%| F|  |TAMS 0x0000000714100000, 0x0000000714100000| Untracked 
| 286|0x0000000714200000, 0x0000000714200000, 0x0000000714300000|  0%| F|  |TAMS 0x0000000714200000, 0x0000000714200000| Untracked 
| 287|0x0000000714300000, 0x0000000714300000, 0x0000000714400000|  0%| F|  |TAMS 0x0000000714300000, 0x0000000714300000| Untracked 
| 288|0x0000000714400000, 0x0000000714400000, 0x0000000714500000|  0%| F|  |TAMS 0x0000000714400000, 0x0000000714400000| Untracked 
| 289|0x0000000714500000, 0x0000000714500000, 0x0000000714600000|  0%| F|  |TAMS 0x0000000714500000, 0x0000000714500000| Untracked 
| 290|0x0000000714600000, 0x0000000714600000, 0x0000000714700000|  0%| F|  |TAMS 0x0000000714600000, 0x0000000714600000| Untracked 
| 291|0x0000000714700000, 0x0000000714700000, 0x0000000714800000|  0%| F|  |TAMS 0x0000000714700000, 0x0000000714700000| Untracked 
| 292|0x0000000714800000, 0x0000000714800000, 0x0000000714900000|  0%| F|  |TAMS 0x0000000714800000, 0x0000000714800000| Untracked 
| 293|0x0000000714900000, 0x000000071490dca0, 0x0000000714a00000|  5%| S|CS|TAMS 0x0000000714900000, 0x0000000714900000| Complete 
| 294|0x0000000714a00000, 0x0000000714b00000, 0x0000000714b00000|100%| S|CS|TAMS 0x0000000714a00000, 0x0000000714a00000| Complete 
| 295|0x0000000714b00000, 0x0000000714c00000, 0x0000000714c00000|100%| S|CS|TAMS 0x0000000714b00000, 0x0000000714b00000| Complete 
| 296|0x0000000714c00000, 0x0000000714d00000, 0x0000000714d00000|100%| S|CS|TAMS 0x0000000714c00000, 0x0000000714c00000| Complete 
| 297|0x0000000714d00000, 0x0000000714d00000, 0x0000000714e00000|  0%| F|  |TAMS 0x0000000714d00000, 0x0000000714d00000| Untracked 
| 298|0x0000000714e00000, 0x0000000714ef3350, 0x0000000714f00000| 95%| E|  |TAMS 0x0000000714e00000, 0x0000000714e00000| Complete 
| 299|0x0000000714f00000, 0x0000000715000000, 0x0000000715000000|100%| E|CS|TAMS 0x0000000714f00000, 0x0000000714f00000| Complete 
| 300|0x0000000715000000, 0x0000000715100000, 0x0000000715100000|100%| E|CS|TAMS 0x0000000715000000, 0x0000000715000000| Complete 
| 301|0x0000000715100000, 0x0000000715200000, 0x0000000715200000|100%| E|CS|TAMS 0x0000000715100000, 0x0000000715100000| Complete 
| 302|0x0000000715200000, 0x0000000715300000, 0x0000000715300000|100%| E|CS|TAMS 0x0000000715200000, 0x0000000715200000| Complete 
| 303|0x0000000715300000, 0x0000000715400000, 0x0000000715400000|100%| E|CS|TAMS 0x0000000715300000, 0x0000000715300000| Complete 
| 304|0x0000000715400000, 0x0000000715500000, 0x0000000715500000|100%| E|CS|TAMS 0x0000000715400000, 0x0000000715400000| Complete 

Card table byte_map: [0x00000196bbb90000,0x00000196bc380000] _byte_map_base: 0x00000196b837e000

Marking Bits (Prev, Next): (CMBitMap*) 0x00000196a294f6a0, (CMBitMap*) 0x00000196a294f668
 Prev Bits: [0x00000196c0ae0000, 0x00000196c4a50000)
 Next Bits: [0x00000196bcb70000, 0x00000196c0ae0000)

Polling page: 0x00000196a29c0000

Metaspace:

Usage:
  Non-class:     22.29 MB capacity,    21.76 MB ( 98%) used,   431.26 KB (  2%) free+waste,   113.81 KB ( <1%) overhead. 
      Class:      3.72 MB capacity,     3.30 MB ( 89%) used,   371.20 KB ( 10%) free+waste,    60.44 KB (  2%) overhead. 
       Both:     26.02 MB capacity,    25.06 MB ( 96%) used,   802.46 KB (  3%) free+waste,   174.25 KB ( <1%) overhead. 

Virtual space:
  Non-class space:       24.00 MB reserved,      22.50 MB ( 94%) committed 
      Class space:        1.00 GB reserved,       3.75 MB ( <1%) committed 
             Both:        1.02 GB reserved,      26.25 MB (  3%) committed 

Chunk freelists:
   Non-Class:  2.25 KB
       Class:  0 bytes
        Both:  2.25 KB

CodeHeap 'non-profiled nmethods': size=120000Kb used=1526Kb max_used=1526Kb free=118473Kb
 bounds [0x00000196b31b0000, 0x00000196b3420000, 0x00000196ba6e0000]
CodeHeap 'profiled nmethods': size=120000Kb used=7089Kb max_used=7089Kb free=112910Kb
 bounds [0x00000196abc80000, 0x00000196ac370000, 0x00000196b31b0000]
CodeHeap 'non-nmethods': size=5760Kb used=1360Kb max_used=1392Kb free=4399Kb
 bounds [0x00000196ab6e0000, 0x00000196ab950000, 0x00000196abc80000]
 total_blobs=4314 nmethods=3530 adapters=694
 compilation: enabled
              stopped_count=0, restarted_count=0
 full_count=0

Compilation events (10 events):
Event: 7.083 Thread 0x00000196c8110000 3528       3       com.sun.prism.impl.ps.BaseShaderGraphics::renderGeneralRoundedRect (388 bytes)
Event: 7.083 Thread 0x00000196c8110000 nmethod 3528 0x00000196ac36ab90 code [0x00000196ac36adc0, 0x00000196ac36ba98]
Event: 7.153 Thread 0x00000196c810a800 3529       4       com.sun.javafx.scene.input.InputEventUtils::recomputeCoordinates (220 bytes)
Event: 7.166 Thread 0x00000196c810a800 nmethod 3529 0x00000196b332b390 code [0x00000196b332b640, 0x00000196b332c610]
Event: 7.407 Thread 0x00000196c8110000 3530       1       com.sun.javafx.stage.WindowEventDispatcher::getLastDispatcher (5 bytes)
Event: 7.407 Thread 0x00000196c8110000 nmethod 3530 0x00000196b332d410 code [0x00000196b332d5a0, 0x00000196b332d658]
Event: 7.431 Thread 0x00000196c8110000 3531       1       com.sun.javafx.scene.SceneEventDispatcher::getLastDispatcher (5 bytes)
Event: 7.431 Thread 0x00000196c8110000 nmethod 3531 0x00000196b332d710 code [0x00000196b332d8a0, 0x00000196b332d958]
Event: 7.444 Thread 0x00000196c8110000 3532       3       com.sun.javafx.css.BitSet::contains (63 bytes)
Event: 7.444 Thread 0x00000196c8110000 nmethod 3532 0x00000196ac36bd10 code [0x00000196ac36bee0, 0x00000196ac36c3c8]

GC Heap History (10 events):
Event: 0.635 GC heap before
{Heap before GC invocations=1 (full 0):
 garbage-first heap   total 260096K, used 22538K [0x0000000702400000, 0x0000000800000000)
  region size 1024K, 23 young (23552K), 3 survivors (3072K)
 Metaspace       used 17547K, capacity 18033K, committed 18304K, reserved 1064960K
  class space    used 2170K, capacity 2376K, committed 2432K, reserved 1048576K
}
Event: 0.639 GC heap after
{Heap after GC invocations=2 (full 0):
 garbage-first heap   total 260096K, used 7021K [0x0000000702400000, 0x0000000800000000)
  region size 1024K, 7 young (7168K), 7 survivors (7168K)
 Metaspace       used 17547K, capacity 18033K, committed 18304K, reserved 1064960K
  class space    used 2170K, capacity 2376K, committed 2432K, reserved 1048576K
}
Event: 1.061 GC heap before
{Heap before GC invocations=3 (full 0):
 garbage-first heap   total 260096K, used 159597K [0x0000000702400000, 0x0000000800000000)
  region size 1024K, 9 young (9216K), 7 survivors (7168K)
 Metaspace       used 17709K, capacity 18144K, committed 18304K, reserved 1064960K
  class space    used 2217K, capacity 2412K, committed 2432K, reserved 1048576K
}
Event: 1.066 GC heap after
{Heap after GC invocations=4 (full 0):
 garbage-first heap   total 260096K, used 158587K [0x0000000702400000, 0x0000000800000000)
  region size 1024K, 4 young (4096K), 4 survivors (4096K)
 Metaspace       used 17709K, capacity 18144K, committed 18304K, reserved 1064960K
  class space    used 2217K, capacity 2412K, committed 2432K, reserved 1048576K
}
Event: 1.352 GC heap before
{Heap before GC invocations=5 (full 0):
 garbage-first heap   total 260096K, used 174971K [0x0000000702400000, 0x0000000800000000)
  region size 1024K, 21 young (21504K), 4 survivors (4096K)
 Metaspace       used 22213K, capacity 22930K, committed 23040K, reserved 1069056K
  class space    used 2870K, capacity 3221K, committed 3328K, reserved 1048576K
}
Event: 1.355 GC heap after
{Heap after GC invocations=6 (full 0):
 garbage-first heap   total 260096K, used 161961K [0x0000000702400000, 0x0000000800000000)
  region size 1024K, 3 young (3072K), 3 survivors (3072K)
 Metaspace       used 22213K, capacity 22930K, committed 23040K, reserved 1069056K
  class space    used 2870K, capacity 3221K, committed 3328K, reserved 1048576K
}
Event: 2.524 GC heap before
{Heap before GC invocations=7 (full 0):
 garbage-first heap   total 260096K, used 167081K [0x0000000702400000, 0x0000000800000000)
  region size 1024K, 7 young (7168K), 3 survivors (3072K)
 Metaspace       used 23066K, capacity 23902K, committed 24192K, reserved 1071104K
  class space    used 2963K, capacity 3333K, committed 3456K, reserved 1048576K
}
Event: 2.527 GC heap after
{Heap after GC invocations=8 (full 0):
 garbage-first heap   total 312320K, used 164157K [0x0000000702400000, 0x0000000800000000)
  region size 1024K, 3 young (3072K), 3 survivors (3072K)
 Metaspace       used 23066K, capacity 23902K, committed 24192K, reserved 1071104K
  class space    used 2963K, capacity 3333K, committed 3456K, reserved 1048576K
}
Event: 3.775 GC heap before
{Heap before GC invocations=9 (full 0):
 garbage-first heap   total 312320K, used 172349K [0x0000000702400000, 0x0000000800000000)
  region size 1024K, 11 young (11264K), 3 survivors (3072K)
 Metaspace       used 24578K, capacity 25527K, committed 25728K, reserved 1071104K
  class space    used 3246K, capacity 3675K, committed 3712K, reserved 1048576K
}
Event: 3.778 GC heap after
{Heap after GC invocations=10 (full 0):
 garbage-first heap   total 312320K, used 164681K [0x0000000702400000, 0x0000000800000000)
  region size 1024K, 4 young (4096K), 4 survivors (4096K)
 Metaspace       used 24578K, capacity 25527K, committed 25728K, reserved 1071104K
  class space    used 3246K, capacity 3675K, committed 3712K, reserved 1048576K
}

Deoptimization events (10 events):
Event: 4.559 Thread 0x00000196c8c34800 Uncommon trap: reason=bimorphic_or_optimized_type_check action=maybe_recompile pc=0x00000196b32fa22c method=javafx.scene.Node.pickNode(Lcom/sun/javafx/geom/PickRay;Lcom/sun/javafx/scene/input/PickResultChooser;)V @ 82 c2
Event: 4.561 Thread 0x00000196c8c34800 Uncommon trap: reason=bimorphic_or_optimized_type_check action=maybe_recompile pc=0x00000196b32fa22c method=javafx.scene.Node.pickNode(Lcom/sun/javafx/geom/PickRay;Lcom/sun/javafx/scene/input/PickResultChooser;)V @ 82 c2
Event: 4.563 Thread 0x00000196c8c34800 Uncommon trap: reason=bimorphic_or_optimized_type_check action=maybe_recompile pc=0x00000196b32fa22c method=javafx.scene.Node.pickNode(Lcom/sun/javafx/geom/PickRay;Lcom/sun/javafx/scene/input/PickResultChooser;)V @ 82 c2
Event: 4.565 Thread 0x00000196c8c34800 Uncommon trap: reason=bimorphic_or_optimized_type_check action=maybe_recompile pc=0x00000196b32fa22c method=javafx.scene.Node.pickNode(Lcom/sun/javafx/geom/PickRay;Lcom/sun/javafx/scene/input/PickResultChooser;)V @ 82 c2
Event: 4.567 Thread 0x00000196c8c34800 Uncommon trap: reason=bimorphic_or_optimized_type_check action=maybe_recompile pc=0x00000196b32f9054 method=javafx.scene.Node.pickNode(Lcom/sun/javafx/geom/PickRay;Lcom/sun/javafx/scene/input/PickResultChooser;)V @ 82 c2
Event: 6.766 Thread 0x00000196c86e9800 Uncommon trap: reason=unstable_if action=reinterpret pc=0x00000196b32e1cc8 method=com.sun.marlin.MaskMarlinAlphaConsumer.setAndClearRelativeAlphas([I[IIII)V @ 414 c2
Event: 6.839 Thread 0x00000196c8c34800 Uncommon trap: reason=class_check action=maybe_recompile pc=0x00000196b326bdbc method=java.util.HashMap.putVal(ILjava/lang/Object;Ljava/lang/Object;ZZ)Ljava/lang/Object; @ 253 c2
Event: 6.839 Thread 0x00000196c8c34800 Uncommon trap: reason=class_check action=maybe_recompile pc=0x00000196b326bdbc method=java.util.HashMap.putVal(ILjava/lang/Object;Ljava/lang/Object;ZZ)Ljava/lang/Object; @ 253 c2
Event: 6.848 Thread 0x00000196c8c34800 Uncommon trap: reason=unstable_if action=reinterpret pc=0x00000196b33023b0 method=javafx.scene.CssStyleHelper.lookup(Ljavafx/css/Styleable;Ljavafx/css/CssMetaData;Lcom/sun/javafx/css/StyleMap;Ljava/util/Set;Ljavafx/css/Styleable;Lcom/sun/javafx/css/Calcul
Event: 6.856 Thread 0x00000196c8c34800 Uncommon trap: reason=unstable_if action=reinterpret pc=0x00000196b33150a0 method=com.sun.javafx.css.ParsedValueImpl.containsFontRelativeSize(Ljavafx/css/ParsedValue;Z)Z @ 187 c2

Classes redefined (0 events):
No events

Internal exceptions (10 events):
Event: 1.195 Thread 0x00000196c8c34800 Exception <a 'java/lang/ClassNotFoundException'{0x00000007117eee50}: com/sun/javafx/scene/control/skin/resources/controls_es_ES> (0x00000007117eee50) thrown at [./open/src/hotspot/share/prims/jni.cpp, line 632]
Event: 1.325 Thread 0x00000196c86e9800 Exception <a 'java/lang/NoSuchMethodError'{0x000000071108a408}: java.lang.invoke.DirectMethodHandle$Holder.invokeStaticInit(Ljava/lang/Object;Ljava/lang/Object;)I> (0x000000071108a408) thrown at [./open/src/hotspot/share/interpreter/linkResolver.cpp, line
Event: 1.405 Thread 0x00000196c86e9800 Exception <a 'java/lang/NoSuchMethodError'{0x000000071200f608}: java.lang.invoke.DirectMethodHandle$Holder.invokeStaticInit(Ljava/lang/Object;I)Ljava/lang/Object;> (0x000000071200f608) thrown at [./open/src/hotspot/share/interpreter/linkResolver.cpp, line
Event: 2.460 Thread 0x00000196c8c34800 Exception <a 'java/lang/NoSuchMethodError'{0x0000000711e183f8}: java.lang.invoke.DirectMethodHandle$Holder.invokeStaticInit(Ljava/lang/Object;Ljava/lang/Object;Ljava/lang/Object;)J> (0x0000000711e183f8) thrown at [./open/src/hotspot/share/interpreter/link
Event: 2.461 Thread 0x00000196c8c34800 Exception <a 'java/lang/NoSuchMethodError'{0x0000000711e30a38}: java.lang.invoke.DirectMethodHandle$Holder.invokeStatic(Ljava/lang/Object;Ljava/lang/Object;J)Ljava/lang/Object;> (0x0000000711e30a38) thrown at [./open/src/hotspot/share/interpreter/linkReso
Event: 2.461 Thread 0x00000196c8c34800 Exception <a 'java/lang/NoSuchMethodError'{0x0000000711e36bb0}: java.lang.invoke.Invokers$Holder.linkToTargetMethod(Ljava/lang/Object;JLjava/lang/Object;)Ljava/lang/Object;> (0x0000000711e36bb0) thrown at [./open/src/hotspot/share/interpreter/linkResolver
Event: 2.585 Thread 0x00000196c8c34800 Exception <a 'java/lang/NoSuchMethodError'{0x0000000715079e28}: java.lang.invoke.DirectMethodHandle$Holder.invokeSpecial(Ljava/lang/Object;Ljava/lang/Object;Ljava/lang/Object;Ljava/lang/Object;Ljava/lang/Object;Ljava/lang/Object;)V> (0x0000000715079e28) t
Event: 6.840 Thread 0x00000196c8c34800 Exception <a 'java/io/FileNotFoundException'{0x00000007151cb610}> (0x00000007151cb610) thrown at [./open/src/hotspot/share/prims/jni.cpp, line 611]
Event: 6.865 Thread 0x00000196c8c34800 Exception <a 'java/lang/NoSuchMethodError'{0x0000000714f77910}: java.lang.invoke.DirectMethodHandle$Holder.invokeSpecialIFC(Ljava/lang/Object;Ljava/lang/Object;Ljava/lang/Object;Ljava/lang/Object;)V> (0x0000000714f77910) thrown at [./open/src/hotspot/shar
Event: 7.714 Thread 0x00000196d1502000 Exception <a 'java/lang/IllegalStateException'{0x0000000714e85fc0}> (0x0000000714e85fc0) thrown at [./open/src/hotspot/share/prims/jvm.cpp, line 1309]

Events (10 events):
Event: 7.713 Executing VM operation: RevokeBias done
Event: 7.714 Executing VM operation: RevokeBias
Event: 7.714 Executing VM operation: RevokeBias done
Event: 7.714 loading class com/sun/javafx/tk/quantum/QuantumToolkit
Event: 7.714 loading class com/sun/javafx/tk/quantum/QuantumToolkit done
Event: 7.714 Executing VM operation: RevokeBias
Event: 7.714 Executing VM operation: RevokeBias done
Event: 7.714 Thread 0x00000196d1ae7000 Thread exited: 0x00000196d1ae7000
Event: 7.714 Thread 0x00000196d1502000 Thread exited: 0x00000196d1502000
Event: 7.715 Executing VM operation: Exit


Dynamic libraries:
0x00007ff60ec80000 - 0x00007ff60ec8f000 	C:\Program Files\Java\jdk-11.0.13\bin\java.exe
0x00007ffe45ca0000 - 0x00007ffe45e90000 	C:\Windows\SYSTEM32\ntdll.dll
0x00007ffe44030000 - 0x00007ffe440e2000 	C:\Windows\System32\KERNEL32.DLL
0x00007ffe42d50000 - 0x00007ffe42ff3000 	C:\Windows\System32\KERNELBASE.dll
0x00007ffe43000000 - 0x00007ffe430fa000 	C:\Windows\System32\ucrtbase.dll
0x00007ffe33930000 - 0x00007ffe33945000 	C:\Program Files\Java\jdk-11.0.13\bin\VCRUNTIME140.dll
0x00007ffe356c0000 - 0x00007ffe356d8000 	C:\Program Files\Java\jdk-11.0.13\bin\jli.dll
0x00007ffe45760000 - 0x00007ffe45803000 	C:\Windows\System32\ADVAPI32.dll
0x00007ffe45b30000 - 0x00007ffe45bce000 	C:\Windows\System32\msvcrt.dll
0x00007ffe45a80000 - 0x00007ffe45b17000 	C:\Windows\System32\sechost.dll
0x00007ffe44ff0000 - 0x00007ffe45110000 	C:\Windows\System32\RPCRT4.dll
0x00007ffe458e0000 - 0x00007ffe45a74000 	C:\Windows\System32\USER32.dll
0x00007ffe43100000 - 0x00007ffe43121000 	C:\Windows\System32\win32u.dll
0x00007ffe44280000 - 0x00007ffe442a6000 	C:\Windows\System32\GDI32.dll
0x00007ffe30500000 - 0x00007ffe30785000 	C:\Windows\WinSxS\amd64_microsoft.windows.common-controls_6595b64144ccf1df_6.0.18362.418_none_e6c6b287130d565d\COMCTL32.dll
0x00007ffe43330000 - 0x00007ffe434c4000 	C:\Windows\System32\gdi32full.dll
0x00007ffe44480000 - 0x00007ffe447b6000 	C:\Windows\System32\combase.dll
0x00007ffe42c30000 - 0x00007ffe42cce000 	C:\Windows\System32\msvcp_win.dll
0x00007ffe434d0000 - 0x00007ffe43550000 	C:\Windows\System32\bcryptPrimitives.dll
0x00007ffe3b960000 - 0x00007ffe3b96a000 	C:\Windows\SYSTEM32\VERSION.dll
0x00007ffe45170000 - 0x00007ffe4519e000 	C:\Windows\System32\IMM32.DLL
0x00007ffe07e00000 - 0x00007ffe07e9b000 	C:\Program Files\Java\jdk-11.0.13\bin\msvcp140.dll
0x00007ffde7d30000 - 0x00007ffde8843000 	C:\Program Files\Java\jdk-11.0.13\bin\server\jvm.dll
0x00007ffe45c50000 - 0x00007ffe45c58000 	C:\Windows\System32\PSAPI.DLL
0x00007ffe2d6c0000 - 0x00007ffe2d6c9000 	C:\Windows\SYSTEM32\WSOCK32.dll
0x00007ffe403e0000 - 0x00007ffe40404000 	C:\Windows\SYSTEM32\WINMM.dll
0x00007ffe451a0000 - 0x00007ffe4520f000 	C:\Windows\System32\WS2_32.dll
0x00007ffe3ff60000 - 0x00007ffe3ff8d000 	C:\Windows\SYSTEM32\winmmbase.dll
0x00007ffe42d00000 - 0x00007ffe42d4a000 	C:\Windows\System32\cfgmgr32.dll
0x00007ffe42c10000 - 0x00007ffe42c21000 	C:\Windows\System32\kernel.appcore.dll
0x00007ffe356b0000 - 0x00007ffe356c0000 	C:\Program Files\Java\jdk-11.0.13\bin\verify.dll
0x00007ffe41490000 - 0x00007ffe41684000 	C:\Windows\SYSTEM32\DBGHELP.DLL
0x00007ffe2cbb0000 - 0x00007ffe2cbda000 	C:\Windows\SYSTEM32\dbgcore.DLL
0x00007ffe1e300000 - 0x00007ffe1e328000 	C:\Program Files\Java\jdk-11.0.13\bin\java.dll
0x00007ffe33d20000 - 0x00007ffe33d2a000 	C:\Program Files\Java\jdk-11.0.13\bin\jimage.dll
0x00007ffe338d0000 - 0x00007ffe338e6000 	C:\Program Files\Java\jdk-11.0.13\bin\zip.dll
0x00007ffe44900000 - 0x00007ffe44fe5000 	C:\Windows\System32\SHELL32.dll
0x00007ffe441d0000 - 0x00007ffe44279000 	C:\Windows\System32\shcore.dll
0x00007ffe435d0000 - 0x00007ffe43d4f000 	C:\Windows\System32\windows.storage.dll
0x00007ffe42b80000 - 0x00007ffe42b9f000 	C:\Windows\System32\profapi.dll
0x00007ffe42bc0000 - 0x00007ffe42c0a000 	C:\Windows\System32\powrprof.dll
0x00007ffe42b70000 - 0x00007ffe42b80000 	C:\Windows\System32\UMPDC.dll
0x00007ffe43e70000 - 0x00007ffe43ec2000 	C:\Windows\System32\shlwapi.dll
0x00007ffe435b0000 - 0x00007ffe435c7000 	C:\Windows\System32\cryptsp.dll
0x00007ffe32bb0000 - 0x00007ffe32bc9000 	C:\Program Files\Java\jdk-11.0.13\bin\net.dll
0x00007ffe36920000 - 0x00007ffe36a10000 	C:\Windows\SYSTEM32\WINHTTP.dll
0x00007ffe423e0000 - 0x00007ffe42447000 	C:\Windows\system32\mswsock.dll
0x00007ffe1e2e0000 - 0x00007ffe1e2f2000 	C:\Program Files\Java\jdk-11.0.13\bin\nio.dll
0x00000196c9d10000 - 0x00000196c9d13000 	C:\Program Files\Java\javafx-sdk-18.0.1\bin\api-ms-win-core-console-l1-1-0.dll
0x00000196c9d20000 - 0x00000196c9d23000 	C:\Program Files\Java\javafx-sdk-18.0.1\bin\api-ms-win-core-console-l1-2-0.dll
0x00000196c9d30000 - 0x00000196c9d33000 	C:\Program Files\Java\javafx-sdk-18.0.1\bin\api-ms-win-core-datetime-l1-1-0.dll
0x00000196c9d40000 - 0x00000196c9d43000 	C:\Program Files\Java\javafx-sdk-18.0.1\bin\api-ms-win-core-debug-l1-1-0.dll
0x00000196c9d50000 - 0x00000196c9d53000 	C:\Program Files\Java\javafx-sdk-18.0.1\bin\api-ms-win-core-errorhandling-l1-1-0.dll
0x00000196c9d60000 - 0x00000196c9d64000 	C:\Program Files\Java\javafx-sdk-18.0.1\bin\api-ms-win-core-file-l1-1-0.dll
0x00000196c9d70000 - 0x00000196c9d73000 	C:\Program Files\Java\javafx-sdk-18.0.1\bin\api-ms-win-core-file-l1-2-0.dll
0x00000196c9d80000 - 0x00000196c9d83000 	C:\Program Files\Java\javafx-sdk-18.0.1\bin\api-ms-win-core-file-l2-1-0.dll
0x00000196c9d90000 - 0x00000196c9d93000 	C:\Program Files\Java\javafx-sdk-18.0.1\bin\api-ms-win-core-handle-l1-1-0.dll
0x00000196c9da0000 - 0x00000196c9da3000 	C:\Program Files\Java\javafx-sdk-18.0.1\bin\api-ms-win-core-heap-l1-1-0.dll
0x00000196c9db0000 - 0x00000196c9db3000 	C:\Program Files\Java\javafx-sdk-18.0.1\bin\api-ms-win-core-interlocked-l1-1-0.dll
0x00000196c9dc0000 - 0x00000196c9dc3000 	C:\Program Files\Java\javafx-sdk-18.0.1\bin\api-ms-win-core-libraryloader-l1-1-0.dll
0x00000196c9dd0000 - 0x00000196c9dd3000 	C:\Program Files\Java\javafx-sdk-18.0.1\bin\api-ms-win-core-localization-l1-2-0.dll
0x00000196c9de0000 - 0x00000196c9de3000 	C:\Program Files\Java\javafx-sdk-18.0.1\bin\api-ms-win-core-memory-l1-1-0.dll
0x00000196c9df0000 - 0x00000196c9df3000 	C:\Program Files\Java\javafx-sdk-18.0.1\bin\api-ms-win-core-namedpipe-l1-1-0.dll
0x00000196c9e00000 - 0x00000196c9e03000 	C:\Program Files\Java\javafx-sdk-18.0.1\bin\api-ms-win-core-processenvironment-l1-1-0.dll
0x00000196c9e10000 - 0x00000196c9e13000 	C:\Program Files\Java\javafx-sdk-18.0.1\bin\api-ms-win-core-processthreads-l1-1-0.dll
0x00000196c9e20000 - 0x00000196c9e23000 	C:\Program Files\Java\javafx-sdk-18.0.1\bin\api-ms-win-core-processthreads-l1-1-1.dll
0x00000196c9e30000 - 0x00000196c9e33000 	C:\Program Files\Java\javafx-sdk-18.0.1\bin\api-ms-win-core-profile-l1-1-0.dll
0x00000196c9e40000 - 0x00000196c9e43000 	C:\Program Files\Java\javafx-sdk-18.0.1\bin\api-ms-win-core-rtlsupport-l1-1-0.dll
0x00000196c9e50000 - 0x00000196c9e53000 	C:\Program Files\Java\javafx-sdk-18.0.1\bin\api-ms-win-core-string-l1-1-0.dll
0x00000196c9e60000 - 0x00000196c9e63000 	C:\Program Files\Java\javafx-sdk-18.0.1\bin\api-ms-win-core-synch-l1-1-0.dll
0x00000196c9e70000 - 0x00000196c9e73000 	C:\Program Files\Java\javafx-sdk-18.0.1\bin\api-ms-win-core-synch-l1-2-0.dll
0x00000196c9e80000 - 0x00000196c9e83000 	C:\Program Files\Java\javafx-sdk-18.0.1\bin\api-ms-win-core-sysinfo-l1-1-0.dll
0x00000196c9e90000 - 0x00000196c9e93000 	C:\Program Files\Java\javafx-sdk-18.0.1\bin\api-ms-win-core-timezone-l1-1-0.dll
0x00000196c9ea0000 - 0x00000196c9ea3000 	C:\Program Files\Java\javafx-sdk-18.0.1\bin\api-ms-win-core-util-l1-1-0.dll
0x00000196c9eb0000 - 0x00000196c9eb3000 	C:\Program Files\Java\javafx-sdk-18.0.1\bin\api-ms-win-crt-conio-l1-1-0.dll
0x00000196c9ec0000 - 0x00000196c9ec4000 	C:\Program Files\Java\javafx-sdk-18.0.1\bin\api-ms-win-crt-convert-l1-1-0.dll
0x00000196c9ed0000 - 0x00000196c9ed3000 	C:\Program Files\Java\javafx-sdk-18.0.1\bin\api-ms-win-crt-environment-l1-1-0.dll
0x00000196c9ee0000 - 0x00000196c9ee3000 	C:\Program Files\Java\javafx-sdk-18.0.1\bin\api-ms-win-crt-filesystem-l1-1-0.dll
0x00000196c9ef0000 - 0x00000196c9ef3000 	C:\Program Files\Java\javafx-sdk-18.0.1\bin\api-ms-win-crt-heap-l1-1-0.dll
0x00000196c9f00000 - 0x00000196c9f03000 	C:\Program Files\Java\javafx-sdk-18.0.1\bin\api-ms-win-crt-locale-l1-1-0.dll
0x00000196c9f10000 - 0x00000196c9f15000 	C:\Program Files\Java\javafx-sdk-18.0.1\bin\api-ms-win-crt-math-l1-1-0.dll
0x00000196c9f20000 - 0x00000196c9f25000 	C:\Program Files\Java\javafx-sdk-18.0.1\bin\api-ms-win-crt-multibyte-l1-1-0.dll
0x00000196c9f30000 - 0x00000196c9f40000 	C:\Program Files\Java\javafx-sdk-18.0.1\bin\api-ms-win-crt-private-l1-1-0.dll
0x00000196c9f40000 - 0x00000196c9f43000 	C:\Program Files\Java\javafx-sdk-18.0.1\bin\api-ms-win-crt-process-l1-1-0.dll
0x00000196c9f50000 - 0x00000196c9f54000 	C:\Program Files\Java\javafx-sdk-18.0.1\bin\api-ms-win-crt-runtime-l1-1-0.dll
0x00000196c9f60000 - 0x00000196c9f64000 	C:\Program Files\Java\javafx-sdk-18.0.1\bin\api-ms-win-crt-stdio-l1-1-0.dll
0x00000196c9f70000 - 0x00000196c9f74000 	C:\Program Files\Java\javafx-sdk-18.0.1\bin\api-ms-win-crt-string-l1-1-0.dll
0x00000196c9f80000 - 0x00000196c9f83000 	C:\Program Files\Java\javafx-sdk-18.0.1\bin\api-ms-win-crt-time-l1-1-0.dll
0x00000196c9f90000 - 0x00000196c9f93000 	C:\Program Files\Java\javafx-sdk-18.0.1\bin\api-ms-win-crt-utility-l1-1-0.dll
0x00007ffe0cc70000 - 0x00007ffe0cd6c000 	C:\Program Files\Java\javafx-sdk-18.0.1\bin\ucrtbase.dll
0x00007ffe34a90000 - 0x00007ffe34aaa000 	C:\Program Files\Java\javafx-sdk-18.0.1\bin\vcruntime140.dll
0x00007ffe3e0e0000 - 0x00007ffe3e0ec000 	C:\Program Files\Java\javafx-sdk-18.0.1\bin\vcruntime140_1.dll
0x00007ffe32cd0000 - 0x00007ffe32d5d000 	C:\Program Files\Java\javafx-sdk-18.0.1\bin\msvcp140.dll
0x00007ffe33ba0000 - 0x00007ffe33bcc000 	C:\Program Files\Java\javafx-sdk-18.0.1\bin\prism_d3d.dll
0x00007ffe2ea60000 - 0x00007ffe2ec27000 	C:\Windows\system32\d3d9.dll
0x00007ffe40f60000 - 0x00007ffe40f8d000 	C:\Windows\SYSTEM32\dwmapi.dll
0x00007ffe417c0000 - 0x00007ffe417e0000 	C:\Windows\SYSTEM32\dxcore.dll
0x00007ffe40920000 - 0x00007ffe409b9000 	C:\Windows\system32\uxtheme.dll
0x00007ffdffe10000 - 0x00007ffdfffd2000 	C:\Windows\System32\DriverStore\FileRepository\iigd_dch.inf_amd64_71b2d6b70a111c53\igdumdim64.dll
0x00007ffe39990000 - 0x00007ffe39aaa000 	C:\Windows\System32\DriverStore\FileRepository\iigd_dch.inf_amd64_71b2d6b70a111c53\igdgmm64.dll
0x00007ffdf3770000 - 0x00007ffdf719d000 	C:\Windows\System32\DriverStore\FileRepository\iigd_dch.inf_amd64_71b2d6b70a111c53\igd9dxva64.dll
0x00007ffe43ed0000 - 0x00007ffe44026000 	C:\Windows\System32\OLE32.dll
0x00007ffe45810000 - 0x00007ffe458d4000 	C:\Windows\System32\OLEAUT32.dll
0x00007ffe32bd0000 - 0x00007ffe32c12000 	C:\Program Files\Java\javafx-sdk-18.0.1\bin\glass.dll
0x00007ffe44100000 - 0x00007ffe441d0000 	C:\Windows\System32\COMDLG32.dll
0x00007ffe447c0000 - 0x00007ffe448f6000 	C:\Windows\System32\MSCTF.dll
0x00007ffe09ea0000 - 0x00007ffe09ec1000 	C:\Windows\System32\DriverStore\FileRepository\iigd_dch.inf_amd64_71b2d6b70a111c53\igdinfo64.dll
0x00007ffe374a0000 - 0x00007ffe39468000 	C:\Windows\System32\DriverStore\FileRepository\iigd_dch.inf_amd64_71b2d6b70a111c53\igc64.dll
0x00007ffe33950000 - 0x00007ffe33964000 	C:\Program Files\Java\javafx-sdk-18.0.1\bin\javafx_font.dll
0x00007ffe1b350000 - 0x00007ffe1b64e000 	C:\Windows\SYSTEM32\dwrite.dll
0x00007ffe33340000 - 0x00007ffe3336d000 	C:\Program Files\Java\javafx-sdk-18.0.1\bin\javafx_iio.dll
0x00007ffe43dc0000 - 0x00007ffe43e62000 	C:\Windows\System32\clbcatq.dll
0x00007ffe3c6c0000 - 0x00007ffe3c86f000 	C:\Windows\SYSTEM32\WindowsCodecs.dll
0x00007ffe33440000 - 0x00007ffe3347a000 	C:\Windows\system32\dataexchange.dll
0x00007ffe3f670000 - 0x00007ffe3f8cb000 	C:\Windows\system32\d3d11.dll
0x00007ffe3fd30000 - 0x00007ffe3ff0b000 	C:\Windows\system32\dcomp.dll
0x00007ffe41850000 - 0x00007ffe4193b000 	C:\Windows\system32\dxgi.dll
0x00007ffe40a30000 - 0x00007ffe40c8a000 	C:\Windows\system32\twinapi.appcore.dll
0x00007ffe40f90000 - 0x00007ffe40fb9000 	C:\Windows\system32\RMCLIENT.dll
0x00007ffe1f2d0000 - 0x00007ffe1f303000 	C:\Program Files\Common Files\Microsoft Shared\Ink\rtscom.dll
0x00007ffe32fe0000 - 0x00007ffe3307e000 	C:\Windows\System32\TextInputFramework.dll
0x00007ffe3ff90000 - 0x00007ffe40064000 	C:\Windows\System32\CoreMessaging.dll
0x00007ffe3ceb0000 - 0x00007ffe3d1da000 	C:\Windows\System32\CoreUIComponents.dll
0x00007ffe41bb0000 - 0x00007ffe41be1000 	C:\Windows\SYSTEM32\ntmarta.dll
0x00007ffe3cc50000 - 0x00007ffe3cda3000 	C:\Windows\SYSTEM32\wintypes.dll
0x00007ffe34b40000 - 0x00007ffe34de6000 	C:\Windows\System32\iertutil.dll
0x00007ffe3f0b0000 - 0x00007ffe3f670000 	C:\Windows\SYSTEM32\d2d1.dll
0x00007ffdecf00000 - 0x00007ffded641000 	C:\Windows\SYSTEM32\D3D10Warp.dll

dbghelp: loaded successfully - version: 4.0.5 - missing functions: none
symbol engine: initialized successfully - sym options: 0x614 - pdb path: .;C:\Program Files\Java\jdk-11.0.13\bin;C:\Windows\SYSTEM32;C:\Windows\WinSxS\amd64_microsoft.windows.common-controls_6595b64144ccf1df_6.0.18362.418_none_e6c6b287130d565d;C:\Program Files\Java\jdk-11.0.13\bin\server;C:\Program Files\Java\javafx-sdk-18.0.1\bin;C:\Windows\System32\DriverStore\FileRepository\iigd_dch.inf_amd64_71b2d6b70a111c53;C:\Program Files\Common Files\Microsoft Shared\Ink

VM Arguments:
jvm_args: -Dfile.encoding=UTF-8 --add-modules=javafx.controls,javafx.fxml --module-path=C:\Program Files\Java\javafx-sdk-18.0.1\lib\javafx-swt.jar;C:\Program Files\Java\javafx-sdk-18.0.1\lib\javafx.base.jar;C:\Program Files\Java\javafx-sdk-18.0.1\lib\javafx.controls.jar;C:\Program Files\Java\javafx-sdk-18.0.1\lib\javafx.fxml.jar;C:\Program Files\Java\javafx-sdk-18.0.1\lib\javafx.graphics.jar;C:\Program Files\Java\javafx-sdk-18.0.1\lib\javafx.media.jar;C:\Program Files\Java\javafx-sdk-18.0.1\lib\javafx.swing.jar;C:\Program Files\Java\javafx-sdk-18.0.1\lib\javafx.web.jar 
java_command: utils.PoiUPVApp
java_class_path (initial): C:\Users\Marta\Desktop\Navigation_Boardv7.2\Navigation_Board\lib\Navegacion.jar;C:\Users\Marta\Desktop\Navigation_Boardv7.2\Navigation_Board\lib\sqlite-jdbc-3.36.0.3.jar;C:\Program Files\Java\javafx-sdk-18.0.1\lib\javafx-swt.jar;C:\Program Files\Java\javafx-sdk-18.0.1\lib\javafx.base.jar;C:\Program Files\Java\javafx-sdk-18.0.1\lib\javafx.controls.jar;C:\Program Files\Java\javafx-sdk-18.0.1\lib\javafx.fxml.jar;C:\Program Files\Java\javafx-sdk-18.0.1\lib\javafx.graphics.jar;C:\Program Files\Java\javafx-sdk-18.0.1\lib\javafx.media.jar;C:\Program Files\Java\javafx-sdk-18.0.1\lib\javafx.swing.jar;C:\Program Files\Java\javafx-sdk-18.0.1\lib\javafx.web.jar;C:\Users\Marta\Desktop\Navigation_Boardv7.2\Navigation_Board\build\classes
Launcher Type: SUN_STANDARD

[Global flags]
     intx CICompilerCount                          = 4                                         {product} {ergonomic}
     uint ConcGCThreads                            = 3                                         {product} {ergonomic}
     uint G1ConcRefinementThreads                  = 10                                        {product} {ergonomic}
   size_t G1HeapRegionSize                         = 1048576                                   {product} {ergonomic}
    uintx GCDrainStackTargetSize                   = 64                                        {product} {ergonomic}
   size_t InitialHeapSize                          = 266338304                                 {product} {ergonomic}
   size_t MarkStackSize                            = 4194304                                   {product} {ergonomic}
   size_t MaxHeapSize                              = 4257218560                                {product} {ergonomic}
   size_t MaxNewSize                               = 2554331136                                {product} {ergonomic}
   size_t MinHeapDeltaBytes                        = 1048576                                   {product} {ergonomic}
    uintx NonNMethodCodeHeapSize                   = 5836300                                {pd product} {ergonomic}
    uintx NonProfiledCodeHeapSize                  = 122910970                              {pd product} {ergonomic}
    uintx ProfiledCodeHeapSize                     = 122910970                              {pd product} {ergonomic}
    uintx ReservedCodeCacheSize                    = 251658240                              {pd product} {ergonomic}
     bool SegmentedCodeCache                       = true                                      {product} {ergonomic}
     bool UseCompressedClassPointers               = true                                 {lp64_product} {ergonomic}
     bool UseCompressedOops                        = true                                 {lp64_product} {ergonomic}
     bool UseG1GC                                  = true                                      {product} {ergonomic}
     bool UseLargePagesIndividualAllocation        = false                                  {pd product} {ergonomic}

Logging:
Log output configuration:
 #0: stdout all=warning uptime,level,tags
 #1: stderr all=off uptime,level,tags

Environment Variables:
JAVA_HOME=C:\Program Files\Java\jdk-11.0.8
PATH=C:\Program Files\Common Files\Oracle\Java\javapath;C:\Program Files (x86)\Common Files\Oracle\Java\javapath;C:\Windows\system32;C:\Windows;C:\Windows\System32\Wbem;C:\Windows\System32\WindowsPowerShell\v1.0\;C:\Windows\System32\OpenSSH\;C:\Program Files\NVIDIA Corporation\NVIDIA NvDLISR;C:\Program Files (x86)\NVIDIA Corporation\PhysX\Common;C:\Program Files (x86)\Wolfram Research\WolframScript\;C:\Program Files\gnuplot\bin;C:\ProgramData\chocolatey\bin;C:\Program Files\swipl\bin;C:\Program Files\dotnet\;C:\Users\Marta\AppData\Local\Microsoft\WindowsApps;C:\Program Files\Java\jdk-11.0.8\bin;C:\Users\Marta\AppData\Local\atom\bin;C:\Users\Marta\Downloads\ghcup\bin;C:\tools\ghc-9.0.1\bin;C:\tools\msys64;C:\ghcup\bin;C:\Users\Marta\AppData\Local\gitkraken\bin
USERNAME=Marta
OS=Windows_NT
PROCESSOR_IDENTIFIER=Intel64 Family 6 Model 158 Stepping 10, GenuineIntel



---------------  S Y S T E M  ---------------

OS: Windows 10 , 64 bit Build 18362 (10.0.18362.329)

CPU:total 12 (initial active 12) (6 cores per cpu, 2 threads per core) family 6 model 158 stepping 10 microcode 0xb4, cmov, cx8, fxsr, mmx, sse, sse2, sse3, ssse3, sse4.1, sse4.2, popcnt, avx, avx2, aes, clmul, erms, 3dnowpref, lzcnt, ht, tsc, tscinvbit, bmi1, bmi2, adx, fma

Memory: 4k page, system-wide physical 16234M (7944M free)
TotalPageFile size 18666M (AvailPageFile size 5735M)
current process WorkingSet (physical memory assigned to process): 803M, peak: 816M
current process commit charge ("private bytes"): 958M, peak: 967M

vm_info: Java HotSpot(TM) 64-Bit Server VM (11.0.13+10-LTS-370) for windows-amd64 JRE (11.0.13+10-LTS-370), built on Sep 15 2021 22:10:36 by "mach5one" with MS VC++ 15.9 (VS2017)

END.
